<?xml version="1.0" encoding="UTF-8"?>
<coverage generated="1543504277153" clover="3.2.0">
  <project timestamp="1543504277154" name="All files">
    <metrics statements="590" coveredstatements="380" conditionals="168" coveredconditionals="73" methods="149" coveredmethods="52" elements="907" coveredelements="505" complexity="0" loc="590" ncloc="590" packages="6" files="12" classes="12">
      <package name="equesteo-app">
        <metrics statements="236" coveredstatements="164" conditionals="57" coveredconditionals="12" methods="38" coveredmethods="17"/>
        <file name="colors.js" path="/Users/brln/equesteo/equesteo-app/colors.js">
          <metrics statements="12" coveredstatements="12" conditionals="0" coveredconditionals="0" methods="0" coveredmethods="0"/>
          <line num="1" count="2" type="stmt"/>
          <line num="2" count="2" type="stmt"/>
          <line num="3" count="2" type="stmt"/>
          <line num="4" count="2" type="stmt"/>
          <line num="5" count="2" type="stmt"/>
          <line num="6" count="2" type="stmt"/>
          <line num="7" count="2" type="stmt"/>
          <line num="8" count="2" type="stmt"/>
          <line num="9" count="2" type="stmt"/>
          <line num="10" count="2" type="stmt"/>
          <line num="11" count="2" type="stmt"/>
          <line num="12" count="2" type="stmt"/>
        </file>
        <file name="constants.js" path="/Users/brln/equesteo/equesteo-app/constants.js">
          <metrics statements="72" coveredstatements="72" conditionals="0" coveredconditionals="0" methods="0" coveredmethods="0"/>
          <line num="1" count="3" type="stmt"/>
          <line num="2" count="3" type="stmt"/>
          <line num="3" count="3" type="stmt"/>
          <line num="4" count="3" type="stmt"/>
          <line num="5" count="3" type="stmt"/>
          <line num="6" count="3" type="stmt"/>
          <line num="7" count="3" type="stmt"/>
          <line num="8" count="3" type="stmt"/>
          <line num="9" count="3" type="stmt"/>
          <line num="10" count="3" type="stmt"/>
          <line num="11" count="3" type="stmt"/>
          <line num="12" count="3" type="stmt"/>
          <line num="13" count="3" type="stmt"/>
          <line num="14" count="3" type="stmt"/>
          <line num="15" count="3" type="stmt"/>
          <line num="16" count="3" type="stmt"/>
          <line num="17" count="3" type="stmt"/>
          <line num="18" count="3" type="stmt"/>
          <line num="19" count="3" type="stmt"/>
          <line num="20" count="3" type="stmt"/>
          <line num="21" count="3" type="stmt"/>
          <line num="22" count="3" type="stmt"/>
          <line num="23" count="3" type="stmt"/>
          <line num="24" count="3" type="stmt"/>
          <line num="25" count="3" type="stmt"/>
          <line num="26" count="3" type="stmt"/>
          <line num="27" count="3" type="stmt"/>
          <line num="28" count="3" type="stmt"/>
          <line num="29" count="3" type="stmt"/>
          <line num="30" count="3" type="stmt"/>
          <line num="31" count="3" type="stmt"/>
          <line num="32" count="3" type="stmt"/>
          <line num="33" count="3" type="stmt"/>
          <line num="34" count="3" type="stmt"/>
          <line num="35" count="3" type="stmt"/>
          <line num="36" count="3" type="stmt"/>
          <line num="37" count="3" type="stmt"/>
          <line num="38" count="3" type="stmt"/>
          <line num="39" count="3" type="stmt"/>
          <line num="40" count="3" type="stmt"/>
          <line num="41" count="3" type="stmt"/>
          <line num="42" count="3" type="stmt"/>
          <line num="43" count="3" type="stmt"/>
          <line num="44" count="3" type="stmt"/>
          <line num="45" count="3" type="stmt"/>
          <line num="46" count="3" type="stmt"/>
          <line num="47" count="3" type="stmt"/>
          <line num="48" count="3" type="stmt"/>
          <line num="49" count="3" type="stmt"/>
          <line num="50" count="3" type="stmt"/>
          <line num="51" count="3" type="stmt"/>
          <line num="52" count="3" type="stmt"/>
          <line num="53" count="3" type="stmt"/>
          <line num="54" count="3" type="stmt"/>
          <line num="55" count="3" type="stmt"/>
          <line num="56" count="3" type="stmt"/>
          <line num="57" count="3" type="stmt"/>
          <line num="58" count="3" type="stmt"/>
          <line num="59" count="3" type="stmt"/>
          <line num="60" count="3" type="stmt"/>
          <line num="61" count="3" type="stmt"/>
          <line num="62" count="3" type="stmt"/>
          <line num="63" count="3" type="stmt"/>
          <line num="64" count="3" type="stmt"/>
          <line num="65" count="3" type="stmt"/>
          <line num="66" count="3" type="stmt"/>
          <line num="67" count="3" type="stmt"/>
          <line num="68" count="3" type="stmt"/>
          <line num="69" count="3" type="stmt"/>
          <line num="70" count="3" type="stmt"/>
          <line num="71" count="3" type="stmt"/>
          <line num="72" count="3" type="stmt"/>
        </file>
        <file name="helpers.js" path="/Users/brln/equesteo/equesteo-app/helpers.js">
          <metrics statements="148" coveredstatements="76" conditionals="57" coveredconditionals="12" methods="34" coveredmethods="17"/>
          <line num="8" count="7" type="stmt"/>
          <line num="9" count="42" type="stmt"/>
          <line num="12" count="7" type="stmt"/>
          <line num="13" count="1" type="stmt"/>
          <line num="17" count="7" type="stmt"/>
          <line num="18" count="9" type="stmt"/>
          <line num="19" count="9" type="stmt"/>
          <line num="20" count="9" type="stmt"/>
          <line num="21" count="9" type="stmt"/>
          <line num="22" count="9" type="stmt"/>
          <line num="23" count="9" type="stmt"/>
          <line num="26" count="9" type="stmt"/>
          <line num="27" count="9" type="stmt"/>
          <line num="30" count="7" type="stmt"/>
          <line num="31" count="1" type="stmt"/>
          <line num="32" count="1" type="stmt"/>
          <line num="33" count="1" type="stmt"/>
          <line num="34" count="1" type="stmt"/>
          <line num="35" count="1" type="stmt"/>
          <line num="38" count="7" type="stmt"/>
          <line num="39" count="9" type="stmt"/>
          <line num="42" count="7" type="stmt"/>
          <line num="43" count="0" type="stmt"/>
          <line num="46" count="7" type="stmt"/>
          <line num="47" count="0" type="stmt"/>
          <line num="50" count="7" type="stmt"/>
          <line num="51" count="0" type="stmt"/>
          <line num="56" count="0" type="stmt"/>
          <line num="57" count="0" type="cond" truecount="0" falsecount="4"/>
          <line num="58" count="0" type="stmt"/>
          <line num="60" count="0" type="stmt"/>
          <line num="61" count="0" type="stmt"/>
          <line num="62" count="0" type="stmt"/>
          <line num="63" count="0" type="cond" truecount="0" falsecount="2"/>
          <line num="68" count="0" type="stmt"/>
          <line num="69" count="0" type="stmt"/>
          <line num="70" count="0" type="stmt"/>
          <line num="71" count="0" type="stmt"/>
          <line num="72" count="0" type="stmt"/>
          <line num="74" count="0" type="stmt"/>
          <line num="88" count="0" type="stmt"/>
          <line num="91" count="7" type="stmt"/>
          <line num="101" count="7" type="stmt"/>
          <line num="108" count="7" type="stmt"/>
          <line num="115" count="0" type="cond" truecount="0" falsecount="3"/>
          <line num="121" count="0" type="stmt"/>
          <line num="122" count="0" type="stmt"/>
          <line num="123" count="0" type="stmt"/>
          <line num="124" count="0" type="cond" truecount="0" falsecount="2"/>
          <line num="125" count="0" type="stmt"/>
          <line num="129" count="0" type="stmt"/>
          <line num="133" count="0" type="stmt"/>
          <line num="137" count="0" type="stmt"/>
          <line num="138" count="0" type="stmt"/>
          <line num="139" count="0" type="stmt"/>
          <line num="140" count="0" type="stmt"/>
          <line num="141" count="0" type="cond" truecount="0" falsecount="2"/>
          <line num="142" count="0" type="stmt"/>
          <line num="144" count="0" type="stmt"/>
          <line num="149" count="0" type="stmt"/>
          <line num="150" count="0" type="cond" truecount="0" falsecount="2"/>
          <line num="151" count="0" type="stmt"/>
          <line num="152" count="0" type="cond" truecount="0" falsecount="2"/>
          <line num="153" count="0" type="stmt"/>
          <line num="154" count="0" type="cond" truecount="0" falsecount="2"/>
          <line num="155" count="0" type="stmt"/>
          <line num="156" count="0" type="cond" truecount="0" falsecount="2"/>
          <line num="157" count="0" type="stmt"/>
          <line num="158" count="0" type="cond" truecount="0" falsecount="2"/>
          <line num="159" count="0" type="stmt"/>
          <line num="160" count="0" type="cond" truecount="0" falsecount="2"/>
          <line num="161" count="0" type="stmt"/>
          <line num="163" count="0" type="stmt"/>
          <line num="167" count="0" type="stmt"/>
          <line num="168" count="0" type="stmt"/>
          <line num="169" count="0" type="stmt"/>
          <line num="170" count="0" type="stmt"/>
          <line num="174" count="1" type="stmt"/>
          <line num="178" count="0" type="stmt"/>
          <line num="179" count="0" type="stmt"/>
          <line num="180" count="0" type="stmt"/>
          <line num="184" count="1" type="stmt"/>
          <line num="188" count="0" type="stmt"/>
          <line num="192" count="34" type="stmt"/>
          <line num="196" count="2" type="stmt"/>
          <line num="200" count="6" type="stmt"/>
          <line num="201" count="6" type="cond" truecount="2" falsecount="0"/>
          <line num="202" count="1" type="stmt"/>
          <line num="204" count="6" type="stmt"/>
          <line num="205" count="6" type="stmt"/>
          <line num="206" count="6" type="stmt"/>
          <line num="210" count="9" type="stmt"/>
          <line num="211" count="9" type="stmt"/>
          <line num="212" count="9" type="stmt"/>
          <line num="216" count="3" type="stmt"/>
          <line num="217" count="3" type="stmt"/>
          <line num="218" count="3" type="stmt"/>
          <line num="219" count="3" type="stmt"/>
          <line num="220" count="3" type="stmt"/>
          <line num="221" count="3" type="stmt"/>
          <line num="222" count="3" type="stmt"/>
          <line num="225" count="7" type="stmt"/>
          <line num="241" count="37" type="stmt"/>
          <line num="250" count="1" type="stmt"/>
          <line num="251" count="1" type="stmt"/>
          <line num="253" count="1" type="stmt"/>
          <line num="254" count="1" type="stmt"/>
          <line num="255" count="7" type="cond" truecount="2" falsecount="0"/>
          <line num="256" count="3" type="stmt"/>
          <line num="258" count="7" type="cond" truecount="1" falsecount="1"/>
          <line num="259" count="0" type="stmt"/>
          <line num="261" count="7" type="cond" truecount="2" falsecount="0"/>
          <line num="262" count="3" type="stmt"/>
          <line num="264" count="7" type="cond" truecount="2" falsecount="0"/>
          <line num="265" count="6" type="stmt"/>
          <line num="267" count="7" type="stmt"/>
          <line num="269" count="1" type="stmt"/>
          <line num="273" count="0" type="cond" truecount="0" falsecount="16"/>
          <line num="275" count="0" type="stmt"/>
          <line num="277" count="0" type="stmt"/>
          <line num="279" count="0" type="stmt"/>
          <line num="281" count="0" type="stmt"/>
          <line num="283" count="0" type="stmt"/>
          <line num="285" count="0" type="stmt"/>
          <line num="287" count="0" type="stmt"/>
          <line num="289" count="0" type="stmt"/>
          <line num="291" count="0" type="stmt"/>
          <line num="293" count="0" type="stmt"/>
          <line num="295" count="0" type="stmt"/>
          <line num="297" count="0" type="stmt"/>
          <line num="299" count="0" type="stmt"/>
          <line num="301" count="0" type="stmt"/>
          <line num="303" count="0" type="stmt"/>
          <line num="305" count="0" type="stmt"/>
          <line num="310" count="5" type="stmt"/>
          <line num="311" count="5" type="stmt"/>
          <line num="312" count="5" type="cond" truecount="1" falsecount="1"/>
          <line num="313" count="5" type="stmt"/>
          <line num="314" count="5" type="cond" truecount="1" falsecount="1"/>
          <line num="315" count="5" type="stmt"/>
          <line num="316" count="5" type="cond" truecount="1" falsecount="1"/>
          <line num="319" count="5" type="stmt"/>
          <line num="323" count="3" type="stmt"/>
          <line num="324" count="3" type="stmt"/>
          <line num="325" count="3" type="stmt"/>
          <line num="326" count="3" type="stmt"/>
          <line num="327" count="3" type="stmt"/>
          <line num="328" count="3" type="stmt"/>
        </file>
        <file name="testSetup.js" path="/Users/brln/equesteo/equesteo-app/testSetup.js">
          <metrics statements="4" coveredstatements="4" conditionals="0" coveredconditionals="0" methods="4" coveredmethods="0"/>
          <line num="1" count="8" type="stmt"/>
          <line num="2" count="8" type="stmt"/>
          <line num="3" count="8" type="stmt"/>
          <line num="4" count="8" type="stmt"/>
        </file>
      </package>
      <package name="equesteo-app.actions">
        <metrics statements="69" coveredstatements="3" conditionals="0" coveredconditionals="0" methods="69" coveredmethods="3"/>
        <file name="standard.js" path="/Users/brln/equesteo/equesteo-app/actions/standard.js">
          <metrics statements="69" coveredstatements="3" conditionals="0" coveredconditionals="0" methods="69" coveredmethods="3"/>
          <line num="74" count="0" type="stmt"/>
          <line num="80" count="0" type="stmt"/>
          <line num="86" count="0" type="stmt"/>
          <line num="92" count="0" type="stmt"/>
          <line num="98" count="0" type="stmt"/>
          <line num="104" count="0" type="stmt"/>
          <line num="110" count="0" type="stmt"/>
          <line num="116" count="0" type="stmt"/>
          <line num="122" count="0" type="stmt"/>
          <line num="131" count="0" type="stmt"/>
          <line num="140" count="0" type="stmt"/>
          <line num="156" count="0" type="stmt"/>
          <line num="168" count="0" type="stmt"/>
          <line num="176" count="0" type="stmt"/>
          <line num="183" count="0" type="stmt"/>
          <line num="191" count="0" type="stmt"/>
          <line num="198" count="0" type="stmt"/>
          <line num="206" count="0" type="stmt"/>
          <line num="213" count="0" type="stmt"/>
          <line num="219" count="0" type="stmt"/>
          <line num="225" count="0" type="stmt"/>
          <line num="232" count="0" type="stmt"/>
          <line num="239" count="0" type="stmt"/>
          <line num="246" count="0" type="stmt"/>
          <line num="254" count="0" type="stmt"/>
          <line num="261" count="0" type="stmt"/>
          <line num="268" count="0" type="stmt"/>
          <line num="275" count="0" type="stmt"/>
          <line num="282" count="0" type="stmt"/>
          <line num="289" count="0" type="stmt"/>
          <line num="295" count="0" type="stmt"/>
          <line num="303" count="6" type="stmt"/>
          <line num="311" count="0" type="stmt"/>
          <line num="320" count="0" type="stmt"/>
          <line num="326" count="0" type="stmt"/>
          <line num="332" count="0" type="stmt"/>
          <line num="339" count="0" type="stmt"/>
          <line num="347" count="5" type="stmt"/>
          <line num="355" count="0" type="stmt"/>
          <line num="362" count="0" type="stmt"/>
          <line num="369" count="0" type="stmt"/>
          <line num="376" count="0" type="stmt"/>
          <line num="383" count="0" type="stmt"/>
          <line num="390" count="0" type="stmt"/>
          <line num="397" count="0" type="stmt"/>
          <line num="404" count="0" type="stmt"/>
          <line num="413" count="0" type="stmt"/>
          <line num="420" count="0" type="stmt"/>
          <line num="427" count="0" type="stmt"/>
          <line num="435" count="0" type="stmt"/>
          <line num="441" count="0" type="stmt"/>
          <line num="448" count="0" type="stmt"/>
          <line num="454" count="0" type="stmt"/>
          <line num="461" count="0" type="stmt"/>
          <line num="467" count="0" type="stmt"/>
          <line num="473" count="0" type="stmt"/>
          <line num="481" count="0" type="stmt"/>
          <line num="487" count="0" type="stmt"/>
          <line num="494" count="0" type="stmt"/>
          <line num="502" count="0" type="stmt"/>
          <line num="510" count="1" type="stmt"/>
          <line num="519" count="0" type="stmt"/>
          <line num="525" count="0" type="stmt"/>
          <line num="532" count="0" type="stmt"/>
          <line num="539" count="0" type="stmt"/>
          <line num="545" count="0" type="stmt"/>
          <line num="552" count="0" type="stmt"/>
          <line num="559" count="0" type="stmt"/>
          <line num="566" count="0" type="stmt"/>
        </file>
      </package>
      <package name="equesteo-app.components">
        <metrics statements="1" coveredstatements="1" conditionals="0" coveredconditionals="0" methods="1" coveredmethods="1"/>
        <file name="BuildImage.js" path="/Users/brln/equesteo/equesteo-app/components/BuildImage.js">
          <metrics statements="1" coveredstatements="1" conditionals="0" coveredconditionals="0" methods="1" coveredmethods="1"/>
          <line num="8" count="1" type="stmt"/>
        </file>
      </package>
      <package name="equesteo-app.components.RideRecorder">
        <metrics statements="126" coveredstatements="77" conditionals="49" coveredconditionals="18" methods="25" coveredmethods="17"/>
        <file name="DiscardModal.js" path="/Users/brln/equesteo/equesteo-app/components/RideRecorder/DiscardModal.js">
          <metrics statements="4" coveredstatements="4" conditionals="0" coveredconditionals="0" methods="1" coveredmethods="1"/>
          <line num="15" count="1" type="stmt"/>
          <line num="19" count="2" type="stmt"/>
          <line num="45" count="1" type="stmt"/>
          <line num="52" count="1" type="stmt"/>
        </file>
        <file name="RideStats.js" path="/Users/brln/equesteo/equesteo-app/components/RideRecorder/RideStats.js">
          <metrics statements="51" coveredstatements="34" conditionals="22" coveredconditionals="10" methods="9" coveredmethods="7"/>
          <line num="8" count="1" type="stmt"/>
          <line num="14" count="2" type="stmt"/>
          <line num="15" count="2" type="stmt"/>
          <line num="16" count="2" type="stmt"/>
          <line num="17" count="2" type="stmt"/>
          <line num="18" count="2" type="stmt"/>
          <line num="19" count="2" type="stmt"/>
          <line num="21" count="2" type="stmt"/>
          <line num="22" count="2" type="stmt"/>
          <line num="23" count="2" type="stmt"/>
          <line num="24" count="2" type="stmt"/>
          <line num="28" count="2" type="stmt"/>
          <line num="29" count="2" type="cond" truecount="2" falsecount="2"/>
          <line num="30" count="0" type="stmt"/>
          <line num="31" count="0" type="stmt"/>
          <line num="32" count="0" type="stmt"/>
          <line num="34" count="2" type="stmt"/>
          <line num="39" count="1" type="stmt"/>
          <line num="40" count="1" type="cond" truecount="1" falsecount="1"/>
          <line num="41" count="0" type="stmt"/>
          <line num="42" count="0" type="cond" truecount="0" falsecount="4"/>
          <line num="43" count="0" type="stmt"/>
          <line num="45" count="0" type="stmt"/>
          <line num="48" count="1" type="stmt"/>
          <line num="53" count="1" type="stmt"/>
          <line num="54" count="1" type="cond" truecount="1" falsecount="1"/>
          <line num="55" count="0" type="stmt"/>
          <line num="56" count="0" type="cond" truecount="0" falsecount="2"/>
          <line num="57" count="0" type="stmt"/>
          <line num="59" count="0" type="stmt"/>
          <line num="62" count="1" type="stmt"/>
          <line num="67" count="2" type="stmt"/>
          <line num="68" count="2" type="stmt"/>
          <line num="69" count="2" type="stmt"/>
          <line num="75" count="2" type="cond" truecount="3" falsecount="1"/>
          <line num="76" count="2" type="stmt"/>
          <line num="79" count="2" type="stmt"/>
          <line num="80" count="0" type="stmt"/>
          <line num="81" count="0" type="stmt"/>
          <line num="87" count="0" type="stmt"/>
          <line num="95" count="0" type="stmt"/>
          <line num="96" count="0" type="stmt"/>
          <line num="100" count="2" type="stmt"/>
          <line num="101" count="2" type="cond" truecount="1" falsecount="1"/>
          <line num="102" count="0" type="stmt"/>
          <line num="107" count="4" type="cond" truecount="2" falsecount="0"/>
          <line num="108" count="2" type="stmt"/>
          <line num="109" count="2" type="stmt"/>
          <line num="110" count="2" type="stmt"/>
          <line num="181" count="2" type="stmt"/>
          <line num="186" count="1" type="stmt"/>
        </file>
        <file name="RidingMap.js" path="/Users/brln/equesteo/equesteo-app/components/RideRecorder/RidingMap.js">
          <metrics statements="71" coveredstatements="39" conditionals="27" coveredconditionals="8" methods="15" coveredmethods="9"/>
          <line num="18" count="1" type="stmt"/>
          <line num="20" count="1" type="stmt"/>
          <line num="24" count="1" type="stmt"/>
          <line num="25" count="1" type="stmt"/>
          <line num="29" count="1" type="stmt"/>
          <line num="30" count="1" type="stmt"/>
          <line num="31" count="1" type="stmt"/>
          <line num="32" count="1" type="stmt"/>
          <line num="33" count="1" type="stmt"/>
          <line num="34" count="1" type="stmt"/>
          <line num="35" count="1" type="stmt"/>
          <line num="39" count="1" type="stmt"/>
          <line num="44" count="1" type="stmt"/>
          <line num="45" count="1" type="stmt"/>
          <line num="46" count="1" type="stmt"/>
          <line num="47" count="1" type="cond" truecount="1" falsecount="1"/>
          <line num="48" count="1" type="stmt"/>
          <line num="50" count="0" type="stmt"/>
          <line num="56" count="0" type="stmt"/>
          <line num="57" count="0" type="stmt"/>
          <line num="70" count="0" type="stmt"/>
          <line num="71" count="0" type="stmt"/>
          <line num="73" count="1" type="stmt"/>
          <line num="75" count="1" type="stmt"/>
          <line num="79" count="0" type="stmt"/>
          <line num="86" count="0" type="stmt"/>
          <line num="93" count="0" type="stmt"/>
          <line num="94" count="0" type="stmt"/>
          <line num="95" count="0" type="stmt"/>
          <line num="96" count="0" type="stmt"/>
          <line num="97" count="0" type="stmt"/>
          <line num="99" count="0" type="stmt"/>
          <line num="100" count="0" type="stmt"/>
          <line num="101" count="0" type="stmt"/>
          <line num="102" count="0" type="stmt"/>
          <line num="103" count="0" type="cond" truecount="0" falsecount="2"/>
          <line num="104" count="0" type="cond" truecount="0" falsecount="2"/>
          <line num="105" count="0" type="stmt"/>
          <line num="106" count="0" type="stmt"/>
          <line num="107" count="0" type="stmt"/>
          <line num="116" count="1" type="cond" truecount="1" falsecount="1"/>
          <line num="117" count="1" type="cond" truecount="1" falsecount="4"/>
          <line num="119" count="0" type="stmt"/>
          <line num="121" count="0" type="stmt"/>
          <line num="123" count="0" type="stmt"/>
          <line num="125" count="0" type="stmt"/>
          <line num="127" count="1" type="stmt"/>
          <line num="130" count="0" type="stmt"/>
          <line num="135" count="1" type="stmt"/>
          <line num="136" count="1" type="cond" truecount="1" falsecount="1"/>
          <line num="137" count="1" type="stmt"/>
          <line num="139" count="1" type="stmt"/>
          <line num="153" count="1" type="cond" truecount="1" falsecount="1"/>
          <line num="154" count="0" type="stmt"/>
          <line num="172" count="1" type="stmt"/>
          <line num="177" count="1" type="cond" truecount="1" falsecount="1"/>
          <line num="178" count="0" type="stmt"/>
          <line num="179" count="0" type="stmt"/>
          <line num="180" count="0" type="stmt"/>
          <line num="210" count="1" type="stmt"/>
          <line num="215" count="0" type="stmt"/>
          <line num="221" count="1" type="stmt"/>
          <line num="222" count="1" type="cond" truecount="1" falsecount="1"/>
          <line num="223" count="1" type="stmt"/>
          <line num="224" count="1" type="cond" truecount="1" falsecount="1"/>
          <line num="225" count="1" type="stmt"/>
          <line num="235" count="1" type="stmt"/>
          <line num="267" count="0" type="stmt"/>
          <line num="279" count="1" type="stmt"/>
          <line num="290" count="1" type="stmt"/>
          <line num="303" count="1" type="stmt"/>
        </file>
      </package>
      <package name="equesteo-app.reducers">
        <metrics statements="84" coveredstatements="62" conditionals="44" coveredconditionals="27" methods="5" coveredmethods="3"/>
        <file name="CurrentRide.js" path="/Users/brln/equesteo/equesteo-app/reducers/CurrentRide.js">
          <metrics statements="84" coveredstatements="62" conditionals="44" coveredconditionals="27" methods="5" coveredmethods="3"/>
          <line num="28" count="3" type="stmt"/>
          <line num="41" count="12" type="cond" truecount="3" falsecount="13"/>
          <line num="43" count="0" type="stmt"/>
          <line num="45" count="0" type="stmt"/>
          <line num="47" count="0" type="stmt"/>
          <line num="49" count="0" type="stmt"/>
          <line num="57" count="0" type="stmt"/>
          <line num="59" count="0" type="stmt"/>
          <line num="64" count="0" type="stmt"/>
          <line num="65" count="0" type="stmt"/>
          <line num="66" count="0" type="stmt"/>
          <line num="67" count="0" type="stmt"/>
          <line num="69" count="0" type="stmt"/>
          <line num="74" count="6" type="stmt"/>
          <line num="83" count="6" type="stmt"/>
          <line num="84" count="6" type="stmt"/>
          <line num="85" count="6" type="stmt"/>
          <line num="86" count="6" type="stmt"/>
          <line num="87" count="6" type="stmt"/>
          <line num="93" count="6" type="stmt"/>
          <line num="95" count="6" type="cond" truecount="7" falsecount="0"/>
          <line num="101" count="4" type="stmt"/>
          <line num="102" count="4" type="stmt"/>
          <line num="103" count="4" type="stmt"/>
          <line num="104" count="4" type="stmt"/>
          <line num="105" count="4" type="cond" truecount="4" falsecount="0"/>
          <line num="106" count="2" type="stmt"/>
          <line num="112" count="2" type="stmt"/>
          <line num="119" count="4" type="stmt"/>
          <line num="124" count="2" type="stmt"/>
          <line num="126" count="4" type="stmt"/>
          <line num="127" count="4" type="stmt"/>
          <line num="128" count="4" type="stmt"/>
          <line num="130" count="4" type="stmt"/>
          <line num="139" count="4" type="stmt"/>
          <line num="149" count="2" type="cond" truecount="4" falsecount="0"/>
          <line num="151" count="1" type="stmt"/>
          <line num="157" count="1" type="stmt"/>
          <line num="162" count="0" type="stmt"/>
          <line num="164" count="1" type="stmt"/>
          <line num="172" count="1" type="stmt"/>
          <line num="175" count="5" type="stmt"/>
          <line num="182" count="5" type="stmt"/>
          <line num="183" count="5" type="stmt"/>
          <line num="185" count="5" type="stmt"/>
          <line num="191" count="5" type="stmt"/>
          <line num="193" count="5" type="cond" truecount="4" falsecount="0"/>
          <line num="194" count="4" type="stmt"/>
          <line num="195" count="4" type="cond" truecount="2" falsecount="0"/>
          <line num="196" count="1" type="stmt"/>
          <line num="212" count="3" type="cond" truecount="1" falsecount="1"/>
          <line num="213" count="3" type="stmt"/>
          <line num="214" count="3" type="stmt"/>
          <line num="215" count="3" type="stmt"/>
          <line num="216" count="3" type="stmt"/>
          <line num="217" count="3" type="stmt"/>
          <line num="223" count="3" type="stmt"/>
          <line num="228" count="3" type="stmt"/>
          <line num="233" count="3" type="stmt"/>
          <line num="239" count="3" type="stmt"/>
          <line num="240" count="3" type="cond" truecount="1" falsecount="1"/>
          <line num="242" count="3" type="stmt"/>
          <line num="248" count="3" type="stmt"/>
          <line num="253" count="5" type="stmt"/>
          <line num="256" count="3" type="stmt"/>
          <line num="259" count="3" type="stmt"/>
          <line num="279" count="1" type="stmt"/>
          <line num="281" count="0" type="stmt"/>
          <line num="283" count="0" type="stmt"/>
          <line num="285" count="1" type="stmt"/>
          <line num="286" count="1" type="stmt"/>
          <line num="287" count="1" type="cond" truecount="1" falsecount="1"/>
          <line num="288" count="1" type="stmt"/>
          <line num="294" count="1" type="stmt"/>
          <line num="295" count="1" type="stmt"/>
          <line num="300" count="1" type="stmt"/>
          <line num="321" count="0" type="stmt"/>
          <line num="323" count="0" type="stmt"/>
          <line num="325" count="0" type="stmt"/>
          <line num="326" count="0" type="stmt"/>
          <line num="327" count="0" type="stmt"/>
          <line num="328" count="0" type="stmt"/>
          <line num="329" count="0" type="stmt"/>
          <line num="337" count="0" type="stmt"/>
        </file>
      </package>
      <package name="equesteo-app.services">
        <metrics statements="74" coveredstatements="73" conditionals="18" coveredconditionals="16" methods="11" coveredmethods="11"/>
        <file name="DouglasPeucker.js" path="/Users/brln/equesteo/equesteo-app/services/DouglasPeucker.js">
          <metrics statements="38" coveredstatements="38" conditionals="10" coveredconditionals="10" methods="5" coveredmethods="5"/>
          <line num="6" count="4" type="stmt"/>
          <line num="8" count="4" type="cond" truecount="2" falsecount="0"/>
          <line num="11" count="4" type="stmt"/>
          <line num="12" count="4" type="stmt"/>
          <line num="17" count="11" type="stmt"/>
          <line num="18" count="11" type="stmt"/>
          <line num="20" count="11" type="stmt"/>
          <line num="21" count="11" type="stmt"/>
          <line num="23" count="11" type="stmt"/>
          <line num="25" count="11" type="stmt"/>
          <line num="27" count="11" type="stmt"/>
          <line num="29" count="11" type="stmt"/>
          <line num="30" count="23" type="stmt"/>
          <line num="35" count="3" type="stmt"/>
          <line num="36" count="9" type="cond" truecount="2" falsecount="0"/>
          <line num="37" count="5" type="stmt"/>
          <line num="39" count="4" type="stmt"/>
          <line num="41" count="4" type="stmt"/>
          <line num="43" count="4" type="stmt"/>
          <line num="44" count="4" type="stmt"/>
          <line num="46" count="4" type="stmt"/>
          <line num="47" count="7" type="stmt"/>
          <line num="48" count="7" type="cond" truecount="2" falsecount="0"/>
          <line num="49" count="3" type="stmt"/>
          <line num="50" count="3" type="stmt"/>
          <line num="54" count="4" type="cond" truecount="2" falsecount="0"/>
          <line num="55" count="3" type="stmt"/>
          <line num="56" count="3" type="stmt"/>
          <line num="58" count="3" type="stmt"/>
          <line num="67" count="3" type="stmt"/>
          <line num="78" count="1" type="stmt"/>
          <line num="79" count="1" type="stmt"/>
          <line num="80" count="1" type="stmt"/>
          <line num="82" count="4" type="stmt"/>
          <line num="84" count="3" type="stmt"/>
          <line num="86" count="3" type="cond" truecount="2" falsecount="0"/>
          <line num="87" count="2" type="stmt"/>
          <line num="90" count="4" type="stmt"/>
        </file>
        <file name="Rainbow.js" path="/Users/brln/equesteo/equesteo-app/services/Rainbow.js">
          <metrics statements="36" coveredstatements="35" conditionals="8" coveredconditionals="6" methods="6" coveredmethods="6"/>
          <line num="3" count="297" type="stmt"/>
          <line num="4" count="297" type="stmt"/>
          <line num="5" count="297" type="cond" truecount="3" falsecount="1"/>
          <line num="6" count="0" type="stmt"/>
          <line num="7" count="297" type="stmt"/>
          <line num="8" count="297" type="stmt"/>
          <line num="13" count="99" type="stmt"/>
          <line num="17" count="54" type="cond" truecount="1" falsecount="1"/>
          <line num="21" count="18" type="stmt"/>
          <line num="22" count="18" type="stmt"/>
          <line num="23" count="18" type="stmt"/>
          <line num="24" count="18" type="stmt"/>
          <line num="25" count="18" type="stmt"/>
          <line num="31" count="9" type="stmt"/>
          <line num="34" count="9" type="stmt"/>
          <line num="37" count="9" type="stmt"/>
          <line num="40" count="9" type="stmt"/>
          <line num="42" count="9" type="stmt"/>
          <line num="44" count="9" type="stmt"/>
          <line num="45" count="99" type="stmt"/>
          <line num="46" count="99" type="stmt"/>
          <line num="48" count="99" type="stmt"/>
          <line num="49" count="99" type="stmt"/>
          <line num="50" count="99" type="stmt"/>
          <line num="52" count="99" type="stmt"/>
          <line num="56" count="9" type="stmt"/>
          <line num="61" count="1" type="stmt"/>
          <line num="73" count="1" type="stmt"/>
          <line num="74" count="1" type="stmt"/>
          <line num="75" count="1" type="stmt"/>
          <line num="76" count="10" type="cond" truecount="2" falsecount="0"/>
          <line num="77" count="9" type="stmt"/>
          <line num="78" count="9" type="stmt"/>
          <line num="79" count="9" type="stmt"/>
          <line num="81" count="1" type="stmt"/>
          <line num="84" count="1" type="stmt"/>
        </file>
      </package>
    </metrics>
  </project>
</coverage>
