{"/Users/brln/equesteo/equesteo-app/colors.js": {"path":"/Users/brln/equesteo/equesteo-app/colors.js","statementMap":{"0":{"start":{"line":1,"column":26},"end":{"line":1,"column":35}},"1":{"start":{"line":2,"column":21},"end":{"line":2,"column":30}},"2":{"start":{"line":3,"column":25},"end":{"line":3,"column":34}},"3":{"start":{"line":4,"column":21},"end":{"line":4,"column":30}},"4":{"start":{"line":5,"column":22},"end":{"line":5,"column":31}},"5":{"start":{"line":6,"column":21},"end":{"line":6,"column":30}},"6":{"start":{"line":7,"column":23},"end":{"line":7,"column":32}},"7":{"start":{"line":8,"column":22},"end":{"line":8,"column":31}},"8":{"start":{"line":9,"column":21},"end":{"line":9,"column":30}},"9":{"start":{"line":10,"column":25},"end":{"line":10,"column":34}},"10":{"start":{"line":11,"column":24},"end":{"line":11,"column":33}},"11":{"start":{"line":12,"column":25},"end":{"line":12,"column":34}}},"fnMap":{},"branchMap":{},"s":{"0":2,"1":2,"2":2,"3":2,"4":2,"5":2,"6":2,"7":2,"8":2,"9":2,"10":2,"11":2},"f":{},"b":{},"_coverageSchema":"332fd63041d2c1bcb487cc26dd0d5f7d97098a6c","hash":"790ce081cc95bb7815ef7fea86204b127c86e14d"}
,"/Users/brln/equesteo/equesteo-app/constants.js": {"path":"/Users/brln/equesteo/equesteo-app/constants.js","statementMap":{"0":{"start":{"line":1,"column":31},"end":{"line":1,"column":48}},"1":{"start":{"line":2,"column":34},"end":{"line":2,"column":54}},"2":{"start":{"line":3,"column":35},"end":{"line":3,"column":56}},"3":{"start":{"line":4,"column":38},"end":{"line":4,"column":62}},"4":{"start":{"line":5,"column":28},"end":{"line":5,"column":42}},"5":{"start":{"line":6,"column":47},"end":{"line":6,"column":80}},"6":{"start":{"line":7,"column":27},"end":{"line":7,"column":40}},"7":{"start":{"line":8,"column":41},"end":{"line":8,"column":68}},"8":{"start":{"line":9,"column":29},"end":{"line":9,"column":44}},"9":{"start":{"line":10,"column":28},"end":{"line":10,"column":42}},"10":{"start":{"line":11,"column":34},"end":{"line":11,"column":54}},"11":{"start":{"line":12,"column":27},"end":{"line":12,"column":40}},"12":{"start":{"line":13,"column":33},"end":{"line":13,"column":52}},"13":{"start":{"line":14,"column":29},"end":{"line":14,"column":44}},"14":{"start":{"line":15,"column":40},"end":{"line":15,"column":66}},"15":{"start":{"line":16,"column":39},"end":{"line":16,"column":64}},"16":{"start":{"line":17,"column":40},"end":{"line":17,"column":66}},"17":{"start":{"line":18,"column":29},"end":{"line":18,"column":44}},"18":{"start":{"line":19,"column":36},"end":{"line":19,"column":58}},"19":{"start":{"line":20,"column":29},"end":{"line":20,"column":44}},"20":{"start":{"line":21,"column":39},"end":{"line":21,"column":64}},"21":{"start":{"line":22,"column":29},"end":{"line":22,"column":44}},"22":{"start":{"line":23,"column":30},"end":{"line":23,"column":46}},"23":{"start":{"line":24,"column":30},"end":{"line":24,"column":46}},"24":{"start":{"line":25,"column":35},"end":{"line":25,"column":56}},"25":{"start":{"line":26,"column":29},"end":{"line":26,"column":44}},"26":{"start":{"line":27,"column":35},"end":{"line":27,"column":55}},"27":{"start":{"line":28,"column":35},"end":{"line":28,"column":56}},"28":{"start":{"line":29,"column":39},"end":{"line":29,"column":64}},"29":{"start":{"line":30,"column":32},"end":{"line":30,"column":50}},"30":{"start":{"line":31,"column":33},"end":{"line":31,"column":52}},"31":{"start":{"line":32,"column":39},"end":{"line":32,"column":64}},"32":{"start":{"line":33,"column":36},"end":{"line":33,"column":58}},"33":{"start":{"line":34,"column":29},"end":{"line":34,"column":44}},"34":{"start":{"line":35,"column":28},"end":{"line":35,"column":42}},"35":{"start":{"line":36,"column":33},"end":{"line":36,"column":52}},"36":{"start":{"line":37,"column":39},"end":{"line":37,"column":64}},"37":{"start":{"line":38,"column":27},"end":{"line":38,"column":40}},"38":{"start":{"line":39,"column":39},"end":{"line":39,"column":64}},"39":{"start":{"line":40,"column":36},"end":{"line":40,"column":58}},"40":{"start":{"line":41,"column":38},"end":{"line":41,"column":62}},"41":{"start":{"line":42,"column":41},"end":{"line":42,"column":68}},"42":{"start":{"line":43,"column":37},"end":{"line":43,"column":60}},"43":{"start":{"line":44,"column":40},"end":{"line":44,"column":66}},"44":{"start":{"line":45,"column":35},"end":{"line":45,"column":56}},"45":{"start":{"line":46,"column":33},"end":{"line":46,"column":52}},"46":{"start":{"line":47,"column":36},"end":{"line":47,"column":58}},"47":{"start":{"line":48,"column":39},"end":{"line":48,"column":64}},"48":{"start":{"line":49,"column":28},"end":{"line":49,"column":42}},"49":{"start":{"line":50,"column":39},"end":{"line":50,"column":64}},"50":{"start":{"line":51,"column":34},"end":{"line":51,"column":54}},"51":{"start":{"line":52,"column":28},"end":{"line":52,"column":42}},"52":{"start":{"line":53,"column":28},"end":{"line":53,"column":42}},"53":{"start":{"line":54,"column":36},"end":{"line":54,"column":58}},"54":{"start":{"line":55,"column":32},"end":{"line":55,"column":50}},"55":{"start":{"line":56,"column":40},"end":{"line":56,"column":66}},"56":{"start":{"line":57,"column":34},"end":{"line":57,"column":54}},"57":{"start":{"line":58,"column":33},"end":{"line":58,"column":52}},"58":{"start":{"line":59,"column":32},"end":{"line":59,"column":50}},"59":{"start":{"line":60,"column":34},"end":{"line":60,"column":54}},"60":{"start":{"line":61,"column":26},"end":{"line":61,"column":38}},"61":{"start":{"line":62,"column":35},"end":{"line":62,"column":56}},"62":{"start":{"line":63,"column":32},"end":{"line":63,"column":50}},"63":{"start":{"line":64,"column":40},"end":{"line":64,"column":66}},"64":{"start":{"line":65,"column":29},"end":{"line":65,"column":44}},"65":{"start":{"line":66,"column":38},"end":{"line":66,"column":62}},"66":{"start":{"line":67,"column":38},"end":{"line":67,"column":62}},"67":{"start":{"line":68,"column":41},"end":{"line":68,"column":68}},"68":{"start":{"line":69,"column":38},"end":{"line":69,"column":62}},"69":{"start":{"line":70,"column":34},"end":{"line":70,"column":54}},"70":{"start":{"line":71,"column":36},"end":{"line":71,"column":58}},"71":{"start":{"line":72,"column":28},"end":{"line":72,"column":42}}},"fnMap":{},"branchMap":{},"s":{"0":3,"1":3,"2":3,"3":3,"4":3,"5":3,"6":3,"7":3,"8":3,"9":3,"10":3,"11":3,"12":3,"13":3,"14":3,"15":3,"16":3,"17":3,"18":3,"19":3,"20":3,"21":3,"22":3,"23":3,"24":3,"25":3,"26":3,"27":3,"28":3,"29":3,"30":3,"31":3,"32":3,"33":3,"34":3,"35":3,"36":3,"37":3,"38":3,"39":3,"40":3,"41":3,"42":3,"43":3,"44":3,"45":3,"46":3,"47":3,"48":3,"49":3,"50":3,"51":3,"52":3,"53":3,"54":3,"55":3,"56":3,"57":3,"58":3,"59":3,"60":3,"61":3,"62":3,"63":3,"64":3,"65":3,"66":3,"67":3,"68":3,"69":3,"70":3,"71":3},"f":{},"b":{},"_coverageSchema":"332fd63041d2c1bcb487cc26dd0d5f7d97098a6c","hash":"e6101bf66c1bac779be4ff21f707ce669b890067"}
,"/Users/brln/equesteo/equesteo-app/helpers.js": {"path":"/Users/brln/equesteo/equesteo-app/helpers.js","statementMap":{"0":{"start":{"line":8,"column":14},"end":{"line":10,"column":1}},"1":{"start":{"line":9,"column":2},"end":{"line":9,"column":29}},"2":{"start":{"line":12,"column":14},"end":{"line":14,"column":1}},"3":{"start":{"line":13,"column":2},"end":{"line":13,"column":28}},"4":{"start":{"line":17,"column":25},"end":{"line":28,"column":1}},"5":{"start":{"line":18,"column":12},"end":{"line":18,"column":16}},"6":{"start":{"line":19,"column":13},"end":{"line":19,"column":24}},"7":{"start":{"line":20,"column":15},"end":{"line":20,"column":24}},"8":{"start":{"line":21,"column":13},"end":{"line":21,"column":24}},"9":{"start":{"line":22,"column":15},"end":{"line":22,"column":24}},"10":{"start":{"line":23,"column":12},"end":{"line":25,"column":39}},"11":{"start":{"line":26,"column":12},"end":{"line":26,"column":58}},"12":{"start":{"line":27,"column":2},"end":{"line":27,"column":36}},"13":{"start":{"line":30,"column":23},"end":{"line":36,"column":1}},"14":{"start":{"line":31,"column":13},"end":{"line":31,"column":29}},"15":{"start":{"line":32,"column":10},"end":{"line":32,"column":48}},"16":{"start":{"line":33,"column":10},"end":{"line":33,"column":114}},"17":{"start":{"line":34,"column":13},"end":{"line":34,"column":36}},"18":{"start":{"line":35,"column":2},"end":{"line":35,"column":30}},"19":{"start":{"line":38,"column":27},"end":{"line":40,"column":1}},"20":{"start":{"line":39,"column":2},"end":{"line":39,"column":41}},"21":{"start":{"line":42,"column":31},"end":{"line":44,"column":1}},"22":{"start":{"line":43,"column":2},"end":{"line":43,"column":71}},"23":{"start":{"line":46,"column":29},"end":{"line":48,"column":1}},"24":{"start":{"line":47,"column":2},"end":{"line":47,"column":67}},"25":{"start":{"line":50,"column":28},"end":{"line":52,"column":1}},"26":{"start":{"line":51,"column":2},"end":{"line":51,"column":68}},"27":{"start":{"line":56,"column":12},"end":{"line":56,"column":32}},"28":{"start":{"line":57,"column":4},"end":{"line":59,"column":5}},"29":{"start":{"line":58,"column":8},"end":{"line":58,"column":31}},"30":{"start":{"line":60,"column":4},"end":{"line":64,"column":7}},"31":{"start":{"line":61,"column":16},"end":{"line":61,"column":49}},"32":{"start":{"line":62,"column":8},"end":{"line":62,"column":31}},"33":{"start":{"line":63,"column":8},"end":{"line":63,"column":62}},"34":{"start":{"line":68,"column":24},"end":{"line":68,"column":62}},"35":{"start":{"line":69,"column":17},"end":{"line":73,"column":8}},"36":{"start":{"line":70,"column":20},"end":{"line":70,"column":46}},"37":{"start":{"line":71,"column":4},"end":{"line":71,"column":67}},"38":{"start":{"line":72,"column":4},"end":{"line":72,"column":16}},"39":{"start":{"line":74,"column":18},"end":{"line":87,"column":4}},"40":{"start":{"line":88,"column":2},"end":{"line":88,"column":22}},"41":{"start":{"line":91,"column":30},"end":{"line":99,"column":1}},"42":{"start":{"line":101,"column":39},"end":{"line":106,"column":1}},"43":{"start":{"line":108,"column":25},"end":{"line":112,"column":1}},"44":{"start":{"line":115,"column":2},"end":{"line":117,"column":4}},"45":{"start":{"line":121,"column":2},"end":{"line":121,"column":18}},"46":{"start":{"line":122,"column":2},"end":{"line":122,"column":24}},"47":{"start":{"line":123,"column":12},"end":{"line":123,"column":22}},"48":{"start":{"line":124,"column":13},"end":{"line":124,"column":53}},"49":{"start":{"line":125,"column":2},"end":{"line":125,"column":34}},"50":{"start":{"line":129,"column":2},"end":{"line":129,"column":52}},"51":{"start":{"line":133,"column":2},"end":{"line":133,"column":40}},"52":{"start":{"line":137,"column":16},"end":{"line":137,"column":40}},"53":{"start":{"line":138,"column":22},"end":{"line":138,"column":44}},"54":{"start":{"line":139,"column":12},"end":{"line":139,"column":40}},"55":{"start":{"line":140,"column":18},"end":{"line":140,"column":38}},"56":{"start":{"line":141,"column":2},"end":{"line":143,"column":3}},"57":{"start":{"line":142,"column":4},"end":{"line":142,"column":41}},"58":{"start":{"line":144,"column":2},"end":{"line":144,"column":40}},"59":{"start":{"line":149,"column":15},"end":{"line":149,"column":66}},"60":{"start":{"line":150,"column":2},"end":{"line":162,"column":3}},"61":{"start":{"line":151,"column":4},"end":{"line":151,"column":31}},"62":{"start":{"line":152,"column":9},"end":{"line":162,"column":3}},"63":{"start":{"line":153,"column":4},"end":{"line":153,"column":25}},"64":{"start":{"line":154,"column":9},"end":{"line":162,"column":3}},"65":{"start":{"line":155,"column":4},"end":{"line":155,"column":23}},"66":{"start":{"line":156,"column":9},"end":{"line":162,"column":3}},"67":{"start":{"line":157,"column":4},"end":{"line":157,"column":27}},"68":{"start":{"line":158,"column":9},"end":{"line":162,"column":3}},"69":{"start":{"line":159,"column":4},"end":{"line":159,"column":25}},"70":{"start":{"line":160,"column":9},"end":{"line":162,"column":3}},"71":{"start":{"line":161,"column":4},"end":{"line":161,"column":23}},"72":{"start":{"line":163,"column":2},"end":{"line":163,"column":13}},"73":{"start":{"line":167,"column":2},"end":{"line":167,"column":20}},"74":{"start":{"line":168,"column":2},"end":{"line":168,"column":58}},"75":{"start":{"line":169,"column":2},"end":{"line":169,"column":26}},"76":{"start":{"line":170,"column":2},"end":{"line":170,"column":58}},"77":{"start":{"line":174,"column":2},"end":{"line":174,"column":19}},"78":{"start":{"line":178,"column":2},"end":{"line":178,"column":77}},"79":{"start":{"line":179,"column":2},"end":{"line":179,"column":19}},"80":{"start":{"line":180,"column":2},"end":{"line":180,"column":77}},"81":{"start":{"line":184,"column":2},"end":{"line":184,"column":40}},"82":{"start":{"line":188,"column":2},"end":{"line":188,"column":34}},"83":{"start":{"line":192,"column":2},"end":{"line":192,"column":25}},"84":{"start":{"line":196,"column":2},"end":{"line":196,"column":25}},"85":{"start":{"line":200,"column":22},"end":{"line":200,"column":23}},"86":{"start":{"line":201,"column":2},"end":{"line":203,"column":3}},"87":{"start":{"line":202,"column":4},"end":{"line":202,"column":85}},"88":{"start":{"line":204,"column":23},"end":{"line":204,"column":83}},"89":{"start":{"line":205,"column":27},"end":{"line":205,"column":52}},"90":{"start":{"line":206,"column":2},"end":{"line":206,"column":41}},"91":{"start":{"line":210,"column":16},"end":{"line":210,"column":30}},"92":{"start":{"line":211,"column":16},"end":{"line":211,"column":20}},"93":{"start":{"line":212,"column":4},"end":{"line":212,"column":58}},"94":{"start":{"line":216,"column":18},"end":{"line":216,"column":35}},"95":{"start":{"line":217,"column":20},"end":{"line":217,"column":39}},"96":{"start":{"line":218,"column":18},"end":{"line":218,"column":44}},"97":{"start":{"line":219,"column":22},"end":{"line":219,"column":41}},"98":{"start":{"line":220,"column":18},"end":{"line":220,"column":46}},"99":{"start":{"line":221,"column":25},"end":{"line":221,"column":44}},"100":{"start":{"line":222,"column":2},"end":{"line":222,"column":83}},"101":{"start":{"line":225,"column":22},"end":{"line":238,"column":1}},"102":{"start":{"line":241,"column":2},"end":{"line":246,"column":4}},"103":{"start":{"line":250,"column":15},"end":{"line":250,"column":37}},"104":{"start":{"line":251,"column":21},"end":{"line":251,"column":28}},"105":{"start":{"line":253,"column":21},"end":{"line":253,"column":85}},"106":{"start":{"line":254,"column":22},"end":{"line":268,"column":16}},"107":{"start":{"line":255,"column":4},"end":{"line":257,"column":5}},"108":{"start":{"line":256,"column":6},"end":{"line":256,"column":28}},"109":{"start":{"line":258,"column":4},"end":{"line":260,"column":5}},"110":{"start":{"line":259,"column":6},"end":{"line":259,"column":28}},"111":{"start":{"line":261,"column":4},"end":{"line":263,"column":5}},"112":{"start":{"line":262,"column":6},"end":{"line":262,"column":28}},"113":{"start":{"line":264,"column":4},"end":{"line":266,"column":5}},"114":{"start":{"line":265,"column":6},"end":{"line":265,"column":28}},"115":{"start":{"line":267,"column":4},"end":{"line":267,"column":16}},"116":{"start":{"line":269,"column":2},"end":{"line":269,"column":20}},"117":{"start":{"line":273,"column":2},"end":{"line":306,"column":3}},"118":{"start":{"line":275,"column":6},"end":{"line":275,"column":22}},"119":{"start":{"line":277,"column":6},"end":{"line":277,"column":22}},"120":{"start":{"line":279,"column":6},"end":{"line":279,"column":22}},"121":{"start":{"line":281,"column":6},"end":{"line":281,"column":22}},"122":{"start":{"line":283,"column":6},"end":{"line":283,"column":22}},"123":{"start":{"line":285,"column":6},"end":{"line":285,"column":22}},"124":{"start":{"line":287,"column":6},"end":{"line":287,"column":22}},"125":{"start":{"line":289,"column":6},"end":{"line":289,"column":22}},"126":{"start":{"line":291,"column":6},"end":{"line":291,"column":22}},"127":{"start":{"line":293,"column":6},"end":{"line":293,"column":22}},"128":{"start":{"line":295,"column":6},"end":{"line":295,"column":22}},"129":{"start":{"line":297,"column":6},"end":{"line":297,"column":22}},"130":{"start":{"line":299,"column":6},"end":{"line":299,"column":22}},"131":{"start":{"line":301,"column":6},"end":{"line":301,"column":22}},"132":{"start":{"line":303,"column":6},"end":{"line":303,"column":22}},"133":{"start":{"line":305,"column":6},"end":{"line":305,"column":22}},"134":{"start":{"line":310,"column":17},"end":{"line":310,"column":25}},"135":{"start":{"line":311,"column":15},"end":{"line":311,"column":53}},"136":{"start":{"line":312,"column":2},"end":{"line":318,"column":3}},"137":{"start":{"line":313,"column":18},"end":{"line":313,"column":42}},"138":{"start":{"line":314,"column":4},"end":{"line":317,"column":5}},"139":{"start":{"line":315,"column":30},"end":{"line":315,"column":58}},"140":{"start":{"line":316,"column":6},"end":{"line":316,"column":71}},"141":{"start":{"line":319,"column":2},"end":{"line":319,"column":17}},"142":{"start":{"line":323,"column":17},"end":{"line":323,"column":32}},"143":{"start":{"line":324,"column":28},"end":{"line":324,"column":41}},"144":{"start":{"line":325,"column":29},"end":{"line":325,"column":66}},"145":{"start":{"line":326,"column":2},"end":{"line":326,"column":37}},"146":{"start":{"line":327,"column":2},"end":{"line":327,"column":74}},"147":{"start":{"line":328,"column":2},"end":{"line":328,"column":15}}},"fnMap":{"0":{"name":"(anonymous_0)","decl":{"start":{"line":8,"column":14},"end":{"line":8,"column":15}},"loc":{"start":{"line":8,"column":23},"end":{"line":10,"column":1}},"line":8},"1":{"name":"(anonymous_1)","decl":{"start":{"line":12,"column":14},"end":{"line":12,"column":15}},"loc":{"start":{"line":12,"column":23},"end":{"line":14,"column":1}},"line":12},"2":{"name":"(anonymous_2)","decl":{"start":{"line":17,"column":25},"end":{"line":17,"column":26}},"loc":{"start":{"line":17,"column":53},"end":{"line":28,"column":1}},"line":17},"3":{"name":"(anonymous_3)","decl":{"start":{"line":30,"column":23},"end":{"line":30,"column":24}},"loc":{"start":{"line":30,"column":48},"end":{"line":36,"column":1}},"line":30},"4":{"name":"(anonymous_4)","decl":{"start":{"line":38,"column":27},"end":{"line":38,"column":28}},"loc":{"start":{"line":38,"column":33},"end":{"line":40,"column":1}},"line":38},"5":{"name":"(anonymous_5)","decl":{"start":{"line":42,"column":31},"end":{"line":42,"column":32}},"loc":{"start":{"line":42,"column":39},"end":{"line":44,"column":1}},"line":42},"6":{"name":"(anonymous_6)","decl":{"start":{"line":46,"column":29},"end":{"line":46,"column":30}},"loc":{"start":{"line":46,"column":37},"end":{"line":48,"column":1}},"line":46},"7":{"name":"(anonymous_7)","decl":{"start":{"line":50,"column":28},"end":{"line":50,"column":29}},"loc":{"start":{"line":50,"column":36},"end":{"line":52,"column":1}},"line":50},"8":{"name":"generateUUID","decl":{"start":{"line":55,"column":16},"end":{"line":55,"column":28}},"loc":{"start":{"line":55,"column":32},"end":{"line":65,"column":1}},"line":55},"9":{"name":"(anonymous_9)","decl":{"start":{"line":60,"column":67},"end":{"line":60,"column":68}},"loc":{"start":{"line":60,"column":80},"end":{"line":64,"column":5}},"line":60},"10":{"name":"staticMap","decl":{"start":{"line":67,"column":16},"end":{"line":67,"column":25}},"loc":{"start":{"line":67,"column":49},"end":{"line":89,"column":1}},"line":67},"11":{"name":"(anonymous_11)","decl":{"start":{"line":69,"column":39},"end":{"line":69,"column":40}},"loc":{"start":{"line":69,"column":57},"end":{"line":73,"column":3}},"line":69},"12":{"name":"goodConnection","decl":{"start":{"line":114,"column":16},"end":{"line":114,"column":30}},"loc":{"start":{"line":114,"column":52},"end":{"line":118,"column":1}},"line":114},"13":{"name":"getMonday","decl":{"start":{"line":120,"column":16},"end":{"line":120,"column":25}},"loc":{"start":{"line":120,"column":30},"end":{"line":126,"column":1}},"line":120},"14":{"name":"getFirstOfMonth","decl":{"start":{"line":128,"column":16},"end":{"line":128,"column":31}},"loc":{"start":{"line":128,"column":36},"end":{"line":130,"column":1}},"line":128},"15":{"name":"getFirstOfYear","decl":{"start":{"line":132,"column":16},"end":{"line":132,"column":30}},"loc":{"start":{"line":132,"column":35},"end":{"line":134,"column":1}},"line":132},"16":{"name":"formattedWeekString","decl":{"start":{"line":136,"column":16},"end":{"line":136,"column":35}},"loc":{"start":{"line":136,"column":44},"end":{"line":145,"column":1}},"line":136},"17":{"name":"newRideName","decl":{"start":{"line":147,"column":16},"end":{"line":147,"column":27}},"loc":{"start":{"line":147,"column":42},"end":{"line":164,"column":1}},"line":147},"18":{"name":"logError","decl":{"start":{"line":166,"column":16},"end":{"line":166,"column":24}},"loc":{"start":{"line":166,"column":33},"end":{"line":171,"column":1}},"line":166},"19":{"name":"logInfo","decl":{"start":{"line":173,"column":16},"end":{"line":173,"column":23}},"loc":{"start":{"line":173,"column":31},"end":{"line":175,"column":1}},"line":173},"20":{"name":"logDebug","decl":{"start":{"line":177,"column":16},"end":{"line":177,"column":24}},"loc":{"start":{"line":177,"column":39},"end":{"line":181,"column":1}},"line":177},"21":{"name":"logRender","decl":{"start":{"line":183,"column":16},"end":{"line":183,"column":25}},"loc":{"start":{"line":183,"column":42},"end":{"line":185,"column":1}},"line":183},"22":{"name":"isAndroid","decl":{"start":{"line":187,"column":16},"end":{"line":187,"column":25}},"loc":{"start":{"line":187,"column":29},"end":{"line":189,"column":1}},"line":187},"23":{"name":"toElevationKey","decl":{"start":{"line":191,"column":16},"end":{"line":191,"column":30}},"loc":{"start":{"line":191,"column":39},"end":{"line":193,"column":1}},"line":191},"24":{"name":"metersToFeet","decl":{"start":{"line":195,"column":16},"end":{"line":195,"column":28}},"loc":{"start":{"line":195,"column":37},"end":{"line":197,"column":1}},"line":195},"25":{"name":"elapsedTime","decl":{"start":{"line":199,"column":16},"end":{"line":199,"column":27}},"loc":{"start":{"line":199,"column":81},"end":{"line":207,"column":1}},"line":199},"26":{"name":"leftPad","decl":{"start":{"line":209,"column":9},"end":{"line":209,"column":16}},"loc":{"start":{"line":209,"column":22},"end":{"line":213,"column":3}},"line":209},"27":{"name":"timeToString","decl":{"start":{"line":215,"column":16},"end":{"line":215,"column":28}},"loc":{"start":{"line":215,"column":39},"end":{"line":223,"column":1}},"line":215},"28":{"name":"parseRideCoordinate","decl":{"start":{"line":240,"column":16},"end":{"line":240,"column":35}},"loc":{"start":{"line":240,"column":45},"end":{"line":247,"column":1}},"line":240},"29":{"name":"boundingBox","decl":{"start":{"line":249,"column":16},"end":{"line":249,"column":27}},"loc":{"start":{"line":249,"column":46},"end":{"line":270,"column":1}},"line":249},"30":{"name":"(anonymous_30)","decl":{"start":{"line":254,"column":34},"end":{"line":254,"column":35}},"loc":{"start":{"line":254,"column":52},"end":{"line":268,"column":3}},"line":254},"31":{"name":"speedGradient","decl":{"start":{"line":272,"column":16},"end":{"line":272,"column":29}},"loc":{"start":{"line":272,"column":38},"end":{"line":307,"column":1}},"line":272},"32":{"name":"newElevationGain","decl":{"start":{"line":309,"column":16},"end":{"line":309,"column":32}},"loc":{"start":{"line":309,"column":83},"end":{"line":320,"column":1}},"line":309},"33":{"name":"coordSplice","decl":{"start":{"line":322,"column":16},"end":{"line":322,"column":27}},"loc":{"start":{"line":322,"column":53},"end":{"line":329,"column":1}},"line":322}},"branchMap":{"0":{"loc":{"start":{"line":57,"column":4},"end":{"line":59,"column":5}},"type":"if","locations":[{"start":{"line":57,"column":4},"end":{"line":59,"column":5}},{"start":{"line":57,"column":4},"end":{"line":59,"column":5}}],"line":57},"1":{"loc":{"start":{"line":57,"column":8},"end":{"line":57,"column":83}},"type":"binary-expr","locations":[{"start":{"line":57,"column":8},"end":{"line":57,"column":42}},{"start":{"line":57,"column":46},"end":{"line":57,"column":83}}],"line":57},"2":{"loc":{"start":{"line":63,"column":16},"end":{"line":63,"column":47}},"type":"cond-expr","locations":[{"start":{"line":63,"column":28},"end":{"line":63,"column":29}},{"start":{"line":63,"column":33},"end":{"line":63,"column":46}}],"line":63},"3":{"loc":{"start":{"line":115,"column":10},"end":{"line":117,"column":3}},"type":"binary-expr","locations":[{"start":{"line":115,"column":10},"end":{"line":115,"column":38}},{"start":{"line":116,"column":4},"end":{"line":116,"column":36}},{"start":{"line":116,"column":41},"end":{"line":116,"column":88}}],"line":115},"4":{"loc":{"start":{"line":124,"column":34},"end":{"line":124,"column":52}},"type":"cond-expr","locations":[{"start":{"line":124,"column":46},"end":{"line":124,"column":48}},{"start":{"line":124,"column":51},"end":{"line":124,"column":52}}],"line":124},"5":{"loc":{"start":{"line":141,"column":2},"end":{"line":143,"column":3}},"type":"if","locations":[{"start":{"line":141,"column":2},"end":{"line":143,"column":3}},{"start":{"line":141,"column":2},"end":{"line":143,"column":3}}],"line":141},"6":{"loc":{"start":{"line":150,"column":2},"end":{"line":162,"column":3}},"type":"if","locations":[{"start":{"line":150,"column":2},"end":{"line":162,"column":3}},{"start":{"line":150,"column":2},"end":{"line":162,"column":3}}],"line":150},"7":{"loc":{"start":{"line":152,"column":9},"end":{"line":162,"column":3}},"type":"if","locations":[{"start":{"line":152,"column":9},"end":{"line":162,"column":3}},{"start":{"line":152,"column":9},"end":{"line":162,"column":3}}],"line":152},"8":{"loc":{"start":{"line":154,"column":9},"end":{"line":162,"column":3}},"type":"if","locations":[{"start":{"line":154,"column":9},"end":{"line":162,"column":3}},{"start":{"line":154,"column":9},"end":{"line":162,"column":3}}],"line":154},"9":{"loc":{"start":{"line":156,"column":9},"end":{"line":162,"column":3}},"type":"if","locations":[{"start":{"line":156,"column":9},"end":{"line":162,"column":3}},{"start":{"line":156,"column":9},"end":{"line":162,"column":3}}],"line":156},"10":{"loc":{"start":{"line":158,"column":9},"end":{"line":162,"column":3}},"type":"if","locations":[{"start":{"line":158,"column":9},"end":{"line":162,"column":3}},{"start":{"line":158,"column":9},"end":{"line":162,"column":3}}],"line":158},"11":{"loc":{"start":{"line":160,"column":9},"end":{"line":162,"column":3}},"type":"if","locations":[{"start":{"line":160,"column":9},"end":{"line":162,"column":3}},{"start":{"line":160,"column":9},"end":{"line":162,"column":3}}],"line":160},"12":{"loc":{"start":{"line":201,"column":2},"end":{"line":203,"column":3}},"type":"if","locations":[{"start":{"line":201,"column":2},"end":{"line":203,"column":3}},{"start":{"line":201,"column":2},"end":{"line":203,"column":3}}],"line":201},"13":{"loc":{"start":{"line":255,"column":4},"end":{"line":257,"column":5}},"type":"if","locations":[{"start":{"line":255,"column":4},"end":{"line":257,"column":5}},{"start":{"line":255,"column":4},"end":{"line":257,"column":5}}],"line":255},"14":{"loc":{"start":{"line":258,"column":4},"end":{"line":260,"column":5}},"type":"if","locations":[{"start":{"line":258,"column":4},"end":{"line":260,"column":5}},{"start":{"line":258,"column":4},"end":{"line":260,"column":5}}],"line":258},"15":{"loc":{"start":{"line":261,"column":4},"end":{"line":263,"column":5}},"type":"if","locations":[{"start":{"line":261,"column":4},"end":{"line":263,"column":5}},{"start":{"line":261,"column":4},"end":{"line":263,"column":5}}],"line":261},"16":{"loc":{"start":{"line":264,"column":4},"end":{"line":266,"column":5}},"type":"if","locations":[{"start":{"line":264,"column":4},"end":{"line":266,"column":5}},{"start":{"line":264,"column":4},"end":{"line":266,"column":5}}],"line":264},"17":{"loc":{"start":{"line":273,"column":2},"end":{"line":306,"column":3}},"type":"switch","locations":[{"start":{"line":274,"column":4},"end":{"line":275,"column":22}},{"start":{"line":276,"column":4},"end":{"line":277,"column":22}},{"start":{"line":278,"column":4},"end":{"line":279,"column":22}},{"start":{"line":280,"column":4},"end":{"line":281,"column":22}},{"start":{"line":282,"column":4},"end":{"line":283,"column":22}},{"start":{"line":284,"column":4},"end":{"line":285,"column":22}},{"start":{"line":286,"column":4},"end":{"line":287,"column":22}},{"start":{"line":288,"column":4},"end":{"line":289,"column":22}},{"start":{"line":290,"column":4},"end":{"line":291,"column":22}},{"start":{"line":292,"column":4},"end":{"line":293,"column":22}},{"start":{"line":294,"column":4},"end":{"line":295,"column":22}},{"start":{"line":296,"column":4},"end":{"line":297,"column":22}},{"start":{"line":298,"column":4},"end":{"line":299,"column":22}},{"start":{"line":300,"column":4},"end":{"line":301,"column":22}},{"start":{"line":302,"column":4},"end":{"line":303,"column":22}},{"start":{"line":304,"column":4},"end":{"line":305,"column":22}}],"line":273},"18":{"loc":{"start":{"line":312,"column":2},"end":{"line":318,"column":3}},"type":"if","locations":[{"start":{"line":312,"column":2},"end":{"line":318,"column":3}},{"start":{"line":312,"column":2},"end":{"line":318,"column":3}}],"line":312},"19":{"loc":{"start":{"line":314,"column":4},"end":{"line":317,"column":5}},"type":"if","locations":[{"start":{"line":314,"column":4},"end":{"line":317,"column":5}},{"start":{"line":314,"column":4},"end":{"line":317,"column":5}}],"line":314},"20":{"loc":{"start":{"line":316,"column":29},"end":{"line":316,"column":70}},"type":"cond-expr","locations":[{"start":{"line":316,"column":51},"end":{"line":316,"column":66}},{"start":{"line":316,"column":69},"end":{"line":316,"column":70}}],"line":316}},"s":{"0":7,"1":42,"2":7,"3":1,"4":7,"5":9,"6":9,"7":9,"8":9,"9":9,"10":9,"11":9,"12":9,"13":7,"14":1,"15":1,"16":1,"17":1,"18":1,"19":7,"20":9,"21":7,"22":0,"23":7,"24":0,"25":7,"26":0,"27":0,"28":0,"29":0,"30":0,"31":0,"32":0,"33":0,"34":0,"35":0,"36":0,"37":0,"38":0,"39":0,"40":0,"41":7,"42":7,"43":7,"44":0,"45":0,"46":0,"47":0,"48":0,"49":0,"50":0,"51":0,"52":0,"53":0,"54":0,"55":0,"56":0,"57":0,"58":0,"59":0,"60":0,"61":0,"62":0,"63":0,"64":0,"65":0,"66":0,"67":0,"68":0,"69":0,"70":0,"71":0,"72":0,"73":0,"74":0,"75":0,"76":0,"77":1,"78":0,"79":0,"80":0,"81":1,"82":0,"83":34,"84":2,"85":6,"86":6,"87":1,"88":6,"89":6,"90":6,"91":9,"92":9,"93":9,"94":3,"95":3,"96":3,"97":3,"98":3,"99":3,"100":3,"101":7,"102":37,"103":1,"104":1,"105":1,"106":1,"107":7,"108":3,"109":7,"110":0,"111":7,"112":3,"113":7,"114":6,"115":7,"116":1,"117":0,"118":0,"119":0,"120":0,"121":0,"122":0,"123":0,"124":0,"125":0,"126":0,"127":0,"128":0,"129":0,"130":0,"131":0,"132":0,"133":0,"134":5,"135":5,"136":5,"137":5,"138":5,"139":5,"140":5,"141":5,"142":3,"143":3,"144":3,"145":3,"146":3,"147":3},"f":{"0":42,"1":1,"2":9,"3":1,"4":9,"5":0,"6":0,"7":0,"8":0,"9":0,"10":0,"11":0,"12":0,"13":0,"14":0,"15":0,"16":0,"17":0,"18":0,"19":1,"20":0,"21":1,"22":0,"23":34,"24":2,"25":6,"26":9,"27":3,"28":37,"29":1,"30":7,"31":0,"32":5,"33":3},"b":{"0":[0,0],"1":[0,0],"2":[0,0],"3":[0,0,0],"4":[0,0],"5":[0,0],"6":[0,0],"7":[0,0],"8":[0,0],"9":[0,0],"10":[0,0],"11":[0,0],"12":[1,5],"13":[3,4],"14":[0,7],"15":[3,4],"16":[6,1],"17":[0,0,0,0,0,0,0,0,0,0,0,0,0,0,0,0],"18":[5,0],"19":[5,0],"20":[5,0]},"_coverageSchema":"332fd63041d2c1bcb487cc26dd0d5f7d97098a6c","hash":"47ccc86e74ad5e1da138578b4a713bb9b9f2aa82"}
,"/Users/brln/equesteo/equesteo-app/testSetup.js": {"path":"/Users/brln/equesteo/equesteo-app/testSetup.js","statementMap":{"0":{"start":{"line":1,"column":0},"end":{"line":1,"column":59}},"1":{"start":{"line":1,"column":43},"end":{"line":1,"column":57}},"2":{"start":{"line":2,"column":0},"end":{"line":2,"column":55}},"3":{"start":{"line":2,"column":41},"end":{"line":2,"column":53}},"4":{"start":{"line":3,"column":0},"end":{"line":3,"column":51}},"5":{"start":{"line":3,"column":40},"end":{"line":3,"column":49}},"6":{"start":{"line":4,"column":0},"end":{"line":4,"column":50}},"7":{"start":{"line":4,"column":39},"end":{"line":4,"column":49}}},"fnMap":{"0":{"name":"(anonymous_0)","decl":{"start":{"line":1,"column":37},"end":{"line":1,"column":38}},"loc":{"start":{"line":1,"column":43},"end":{"line":1,"column":57}},"line":1},"1":{"name":"(anonymous_1)","decl":{"start":{"line":2,"column":35},"end":{"line":2,"column":36}},"loc":{"start":{"line":2,"column":41},"end":{"line":2,"column":53}},"line":2},"2":{"name":"(anonymous_2)","decl":{"start":{"line":3,"column":34},"end":{"line":3,"column":35}},"loc":{"start":{"line":3,"column":40},"end":{"line":3,"column":49}},"line":3},"3":{"name":"(anonymous_3)","decl":{"start":{"line":4,"column":33},"end":{"line":4,"column":34}},"loc":{"start":{"line":4,"column":39},"end":{"line":4,"column":49}},"line":4}},"branchMap":{},"s":{"0":8,"1":0,"2":8,"3":0,"4":8,"5":0,"6":8,"7":0},"f":{"0":0,"1":0,"2":0,"3":0},"b":{},"_coverageSchema":"332fd63041d2c1bcb487cc26dd0d5f7d97098a6c","hash":"2373e642e2fdb9eeb802d0e7cd0cf1915dc49db5"}
,"/Users/brln/equesteo/equesteo-app/actions/standard.js": {"path":"/Users/brln/equesteo/equesteo-app/actions/standard.js","statementMap":{"0":{"start":{"line":74,"column":2},"end":{"line":76,"column":3}},"1":{"start":{"line":80,"column":2},"end":{"line":82,"column":3}},"2":{"start":{"line":86,"column":2},"end":{"line":88,"column":3}},"3":{"start":{"line":92,"column":2},"end":{"line":94,"column":3}},"4":{"start":{"line":98,"column":2},"end":{"line":100,"column":3}},"5":{"start":{"line":104,"column":2},"end":{"line":106,"column":3}},"6":{"start":{"line":110,"column":2},"end":{"line":112,"column":3}},"7":{"start":{"line":116,"column":2},"end":{"line":118,"column":3}},"8":{"start":{"line":122,"column":2},"end":{"line":127,"column":3}},"9":{"start":{"line":131,"column":2},"end":{"line":136,"column":3}},"10":{"start":{"line":140,"column":2},"end":{"line":145,"column":3}},"11":{"start":{"line":156,"column":2},"end":{"line":164,"column":3}},"12":{"start":{"line":168,"column":2},"end":{"line":172,"column":3}},"13":{"start":{"line":176,"column":2},"end":{"line":179,"column":3}},"14":{"start":{"line":183,"column":2},"end":{"line":187,"column":3}},"15":{"start":{"line":191,"column":2},"end":{"line":194,"column":3}},"16":{"start":{"line":198,"column":2},"end":{"line":202,"column":3}},"17":{"start":{"line":206,"column":2},"end":{"line":209,"column":3}},"18":{"start":{"line":213,"column":2},"end":{"line":215,"column":3}},"19":{"start":{"line":219,"column":2},"end":{"line":221,"column":3}},"20":{"start":{"line":225,"column":2},"end":{"line":228,"column":3}},"21":{"start":{"line":232,"column":2},"end":{"line":235,"column":3}},"22":{"start":{"line":239,"column":2},"end":{"line":242,"column":3}},"23":{"start":{"line":246,"column":2},"end":{"line":249,"column":3}},"24":{"start":{"line":254,"column":2},"end":{"line":257,"column":3}},"25":{"start":{"line":261,"column":2},"end":{"line":264,"column":3}},"26":{"start":{"line":268,"column":2},"end":{"line":271,"column":3}},"27":{"start":{"line":275,"column":2},"end":{"line":278,"column":3}},"28":{"start":{"line":282,"column":2},"end":{"line":285,"column":3}},"29":{"start":{"line":289,"column":2},"end":{"line":291,"column":3}},"30":{"start":{"line":295,"column":2},"end":{"line":299,"column":3}},"31":{"start":{"line":303,"column":2},"end":{"line":307,"column":3}},"32":{"start":{"line":311,"column":2},"end":{"line":316,"column":3}},"33":{"start":{"line":320,"column":2},"end":{"line":322,"column":3}},"34":{"start":{"line":326,"column":2},"end":{"line":328,"column":3}},"35":{"start":{"line":332,"column":2},"end":{"line":335,"column":3}},"36":{"start":{"line":339,"column":2},"end":{"line":343,"column":3}},"37":{"start":{"line":347,"column":2},"end":{"line":351,"column":3}},"38":{"start":{"line":355,"column":2},"end":{"line":358,"column":3}},"39":{"start":{"line":362,"column":2},"end":{"line":365,"column":3}},"40":{"start":{"line":369,"column":2},"end":{"line":372,"column":3}},"41":{"start":{"line":376,"column":2},"end":{"line":379,"column":3}},"42":{"start":{"line":383,"column":2},"end":{"line":386,"column":3}},"43":{"start":{"line":390,"column":2},"end":{"line":393,"column":3}},"44":{"start":{"line":397,"column":2},"end":{"line":400,"column":3}},"45":{"start":{"line":404,"column":2},"end":{"line":409,"column":3}},"46":{"start":{"line":413,"column":2},"end":{"line":416,"column":3}},"47":{"start":{"line":420,"column":2},"end":{"line":423,"column":3}},"48":{"start":{"line":427,"column":2},"end":{"line":431,"column":3}},"49":{"start":{"line":435,"column":2},"end":{"line":437,"column":3}},"50":{"start":{"line":441,"column":2},"end":{"line":444,"column":3}},"51":{"start":{"line":448,"column":2},"end":{"line":450,"column":3}},"52":{"start":{"line":454,"column":2},"end":{"line":457,"column":3}},"53":{"start":{"line":461,"column":2},"end":{"line":463,"column":3}},"54":{"start":{"line":467,"column":2},"end":{"line":469,"column":3}},"55":{"start":{"line":473,"column":2},"end":{"line":477,"column":3}},"56":{"start":{"line":481,"column":2},"end":{"line":483,"column":3}},"57":{"start":{"line":487,"column":2},"end":{"line":490,"column":3}},"58":{"start":{"line":494,"column":2},"end":{"line":498,"column":3}},"59":{"start":{"line":502,"column":2},"end":{"line":506,"column":3}},"60":{"start":{"line":510,"column":2},"end":{"line":515,"column":3}},"61":{"start":{"line":519,"column":2},"end":{"line":521,"column":3}},"62":{"start":{"line":525,"column":2},"end":{"line":528,"column":3}},"63":{"start":{"line":532,"column":2},"end":{"line":535,"column":3}},"64":{"start":{"line":539,"column":2},"end":{"line":541,"column":3}},"65":{"start":{"line":545,"column":2},"end":{"line":548,"column":3}},"66":{"start":{"line":552,"column":2},"end":{"line":555,"column":3}},"67":{"start":{"line":559,"column":2},"end":{"line":562,"column":3}},"68":{"start":{"line":566,"column":2},"end":{"line":569,"column":3}}},"fnMap":{"0":{"name":"awaitFullSync","decl":{"start":{"line":73,"column":16},"end":{"line":73,"column":29}},"loc":{"start":{"line":73,"column":33},"end":{"line":77,"column":1}},"line":73},"1":{"name":"clearFeedMessage","decl":{"start":{"line":79,"column":16},"end":{"line":79,"column":32}},"loc":{"start":{"line":79,"column":36},"end":{"line":83,"column":1}},"line":79},"2":{"name":"clearLastLocation","decl":{"start":{"line":85,"column":16},"end":{"line":85,"column":33}},"loc":{"start":{"line":85,"column":37},"end":{"line":89,"column":1}},"line":85},"3":{"name":"clearPausedLocations","decl":{"start":{"line":91,"column":16},"end":{"line":91,"column":36}},"loc":{"start":{"line":91,"column":40},"end":{"line":95,"column":1}},"line":91},"4":{"name":"clearSearch","decl":{"start":{"line":97,"column":16},"end":{"line":97,"column":27}},"loc":{"start":{"line":97,"column":31},"end":{"line":101,"column":1}},"line":97},"5":{"name":"clearSelectedRideCoordinates","decl":{"start":{"line":103,"column":16},"end":{"line":103,"column":44}},"loc":{"start":{"line":103,"column":48},"end":{"line":107,"column":1}},"line":103},"6":{"name":"clearState","decl":{"start":{"line":109,"column":16},"end":{"line":109,"column":26}},"loc":{"start":{"line":109,"column":30},"end":{"line":113,"column":1}},"line":109},"7":{"name":"clearStateAfterPersist","decl":{"start":{"line":115,"column":16},"end":{"line":115,"column":38}},"loc":{"start":{"line":115,"column":42},"end":{"line":119,"column":1}},"line":115},"8":{"name":"createFollow","decl":{"start":{"line":121,"column":16},"end":{"line":121,"column":28}},"loc":{"start":{"line":121,"column":65},"end":{"line":128,"column":1}},"line":121},"9":{"name":"createHorse","decl":{"start":{"line":130,"column":16},"end":{"line":130,"column":27}},"loc":{"start":{"line":130,"column":59},"end":{"line":137,"column":1}},"line":130},"10":{"name":"createHorsePhoto","decl":{"start":{"line":139,"column":16},"end":{"line":139,"column":32}},"loc":{"start":{"line":139,"column":62},"end":{"line":146,"column":1}},"line":139},"11":{"name":"createRide","decl":{"start":{"line":148,"column":16},"end":{"line":148,"column":26}},"loc":{"start":{"line":155,"column":2},"end":{"line":165,"column":1}},"line":155},"12":{"name":"createUserPhoto","decl":{"start":{"line":167,"column":16},"end":{"line":167,"column":31}},"loc":{"start":{"line":167,"column":52},"end":{"line":173,"column":1}},"line":167},"13":{"name":"deleteFollow","decl":{"start":{"line":175,"column":16},"end":{"line":175,"column":28}},"loc":{"start":{"line":175,"column":40},"end":{"line":180,"column":1}},"line":175},"14":{"name":"deleteUnpersistedHorse","decl":{"start":{"line":182,"column":16},"end":{"line":182,"column":38}},"loc":{"start":{"line":182,"column":62},"end":{"line":188,"column":1}},"line":182},"15":{"name":"deleteUnpersistedRide","decl":{"start":{"line":190,"column":16},"end":{"line":190,"column":37}},"loc":{"start":{"line":190,"column":47},"end":{"line":195,"column":1}},"line":190},"16":{"name":"deleteUnpersistedPhoto","decl":{"start":{"line":197,"column":16},"end":{"line":197,"column":38}},"loc":{"start":{"line":197,"column":63},"end":{"line":203,"column":1}},"line":197},"17":{"name":"dequeuePhoto","decl":{"start":{"line":205,"column":16},"end":{"line":205,"column":28}},"loc":{"start":{"line":205,"column":39},"end":{"line":210,"column":1}},"line":205},"18":{"name":"discardCurrentRide","decl":{"start":{"line":212,"column":16},"end":{"line":212,"column":34}},"loc":{"start":{"line":212,"column":39},"end":{"line":216,"column":1}},"line":212},"19":{"name":"dismissError","decl":{"start":{"line":218,"column":16},"end":{"line":218,"column":28}},"loc":{"start":{"line":218,"column":32},"end":{"line":222,"column":1}},"line":218},"20":{"name":"enqueuePhoto","decl":{"start":{"line":224,"column":16},"end":{"line":224,"column":28}},"loc":{"start":{"line":224,"column":41},"end":{"line":229,"column":1}},"line":224},"21":{"name":"errorOccurred","decl":{"start":{"line":231,"column":16},"end":{"line":231,"column":29}},"loc":{"start":{"line":231,"column":40},"end":{"line":236,"column":1}},"line":231},"22":{"name":"horsePhotoUpdated","decl":{"start":{"line":238,"column":16},"end":{"line":238,"column":33}},"loc":{"start":{"line":238,"column":47},"end":{"line":243,"column":1}},"line":238},"23":{"name":"horseUpdated","decl":{"start":{"line":245,"column":16},"end":{"line":245,"column":28}},"loc":{"start":{"line":245,"column":37},"end":{"line":250,"column":1}},"line":245},"24":{"name":"followUpdated","decl":{"start":{"line":253,"column":16},"end":{"line":253,"column":29}},"loc":{"start":{"line":253,"column":39},"end":{"line":258,"column":1}},"line":253},"25":{"name":"horseUserUpdated","decl":{"start":{"line":260,"column":16},"end":{"line":260,"column":32}},"loc":{"start":{"line":260,"column":45},"end":{"line":265,"column":1}},"line":260},"26":{"name":"loadCurrentRideState","decl":{"start":{"line":267,"column":16},"end":{"line":267,"column":36}},"loc":{"start":{"line":267,"column":56},"end":{"line":272,"column":1}},"line":267},"27":{"name":"loadLocalState","decl":{"start":{"line":274,"column":16},"end":{"line":274,"column":30}},"loc":{"start":{"line":274,"column":44},"end":{"line":279,"column":1}},"line":274},"28":{"name":"localDataLoaded","decl":{"start":{"line":281,"column":16},"end":{"line":281,"column":31}},"loc":{"start":{"line":281,"column":44},"end":{"line":286,"column":1}},"line":281},"29":{"name":"mergeStashedLocations","decl":{"start":{"line":288,"column":16},"end":{"line":288,"column":37}},"loc":{"start":{"line":288,"column":41},"end":{"line":292,"column":1}},"line":288},"30":{"name":"newAppState","decl":{"start":{"line":294,"column":16},"end":{"line":294,"column":27}},"loc":{"start":{"line":294,"column":39},"end":{"line":300,"column":1}},"line":294},"31":{"name":"newLocation","decl":{"start":{"line":302,"column":16},"end":{"line":302,"column":27}},"loc":{"start":{"line":302,"column":50},"end":{"line":308,"column":1}},"line":302},"32":{"name":"newNetworkState","decl":{"start":{"line":310,"column":16},"end":{"line":310,"column":31}},"loc":{"start":{"line":310,"column":74},"end":{"line":317,"column":1}},"line":310},"33":{"name":"pauseLocationTracking","decl":{"start":{"line":319,"column":16},"end":{"line":319,"column":37}},"loc":{"start":{"line":319,"column":41},"end":{"line":323,"column":1}},"line":319},"34":{"name":"popShowRideShown","decl":{"start":{"line":325,"column":16},"end":{"line":325,"column":32}},"loc":{"start":{"line":325,"column":36},"end":{"line":329,"column":1}},"line":325},"35":{"name":"receiveJWT","decl":{"start":{"line":331,"column":16},"end":{"line":331,"column":26}},"loc":{"start":{"line":331,"column":35},"end":{"line":336,"column":1}},"line":331},"36":{"name":"removeStashedRidePhoto","decl":{"start":{"line":338,"column":16},"end":{"line":338,"column":38}},"loc":{"start":{"line":338,"column":59},"end":{"line":344,"column":1}},"line":338},"37":{"name":"replaceLastLocation","decl":{"start":{"line":346,"column":16},"end":{"line":346,"column":35}},"loc":{"start":{"line":346,"column":64},"end":{"line":352,"column":1}},"line":346},"38":{"name":"rideCoordinatesLoaded","decl":{"start":{"line":354,"column":16},"end":{"line":354,"column":37}},"loc":{"start":{"line":354,"column":56},"end":{"line":359,"column":1}},"line":354},"39":{"name":"rideCarrotCreated","decl":{"start":{"line":361,"column":16},"end":{"line":361,"column":33}},"loc":{"start":{"line":361,"column":47},"end":{"line":366,"column":1}},"line":361},"40":{"name":"rideCarrotSaved","decl":{"start":{"line":368,"column":16},"end":{"line":368,"column":31}},"loc":{"start":{"line":368,"column":45},"end":{"line":373,"column":1}},"line":368},"41":{"name":"rideCommentUpdated","decl":{"start":{"line":375,"column":16},"end":{"line":375,"column":34}},"loc":{"start":{"line":375,"column":49},"end":{"line":380,"column":1}},"line":375},"42":{"name":"rideUpdated","decl":{"start":{"line":382,"column":16},"end":{"line":382,"column":27}},"loc":{"start":{"line":382,"column":35},"end":{"line":387,"column":1}},"line":382},"43":{"name":"rideElevationsUpdated","decl":{"start":{"line":389,"column":16},"end":{"line":389,"column":37}},"loc":{"start":{"line":389,"column":55},"end":{"line":394,"column":1}},"line":389},"44":{"name":"ridePhotoUpdated","decl":{"start":{"line":396,"column":16},"end":{"line":396,"column":32}},"loc":{"start":{"line":396,"column":45},"end":{"line":401,"column":1}},"line":396},"45":{"name":"setPopShowRide","decl":{"start":{"line":403,"column":16},"end":{"line":403,"column":30}},"loc":{"start":{"line":403,"column":71},"end":{"line":410,"column":1}},"line":403},"46":{"name":"setRemotePersistDB","decl":{"start":{"line":412,"column":16},"end":{"line":412,"column":34}},"loc":{"start":{"line":412,"column":46},"end":{"line":417,"column":1}},"line":412},"47":{"name":"setFeedMessage","decl":{"start":{"line":419,"column":16},"end":{"line":419,"column":30}},"loc":{"start":{"line":419,"column":41},"end":{"line":424,"column":1}},"line":419},"48":{"name":"setFullSyncFail","decl":{"start":{"line":426,"column":16},"end":{"line":426,"column":31}},"loc":{"start":{"line":426,"column":41},"end":{"line":432,"column":1}},"line":426},"49":{"name":"setRemotePersistStarted","decl":{"start":{"line":434,"column":16},"end":{"line":434,"column":39}},"loc":{"start":{"line":434,"column":43},"end":{"line":438,"column":1}},"line":434},"50":{"name":"setRemotePersistComplete","decl":{"start":{"line":440,"column":16},"end":{"line":440,"column":40}},"loc":{"start":{"line":440,"column":52},"end":{"line":445,"column":1}},"line":440},"51":{"name":"setRemotePersistError","decl":{"start":{"line":447,"column":16},"end":{"line":447,"column":37}},"loc":{"start":{"line":447,"column":41},"end":{"line":451,"column":1}},"line":447},"52":{"name":"setShowingRide","decl":{"start":{"line":453,"column":16},"end":{"line":453,"column":30}},"loc":{"start":{"line":453,"column":40},"end":{"line":458,"column":1}},"line":453},"53":{"name":"showPopShowRide","decl":{"start":{"line":460,"column":16},"end":{"line":460,"column":31}},"loc":{"start":{"line":460,"column":35},"end":{"line":464,"column":1}},"line":460},"54":{"name":"stashNewLocations","decl":{"start":{"line":466,"column":16},"end":{"line":466,"column":33}},"loc":{"start":{"line":466,"column":37},"end":{"line":470,"column":1}},"line":466},"55":{"name":"stashRidePhoto","decl":{"start":{"line":472,"column":16},"end":{"line":472,"column":30}},"loc":{"start":{"line":472,"column":53},"end":{"line":478,"column":1}},"line":472},"56":{"name":"stopStashNewLocations","decl":{"start":{"line":480,"column":16},"end":{"line":480,"column":37}},"loc":{"start":{"line":480,"column":41},"end":{"line":484,"column":1}},"line":480},"57":{"name":"saveUserID","decl":{"start":{"line":486,"column":16},"end":{"line":486,"column":26}},"loc":{"start":{"line":486,"column":35},"end":{"line":491,"column":1}},"line":486},"58":{"name":"setActiveComponent","decl":{"start":{"line":493,"column":16},"end":{"line":493,"column":34}},"loc":{"start":{"line":493,"column":49},"end":{"line":499,"column":1}},"line":493},"59":{"name":"setFirstStartHorseID","decl":{"start":{"line":501,"column":16},"end":{"line":501,"column":36}},"loc":{"start":{"line":501,"column":60},"end":{"line":507,"column":1}},"line":501},"60":{"name":"startRide","decl":{"start":{"line":509,"column":16},"end":{"line":509,"column":25}},"loc":{"start":{"line":509,"column":65},"end":{"line":516,"column":1}},"line":509},"61":{"name":"syncComplete","decl":{"start":{"line":518,"column":16},"end":{"line":518,"column":28}},"loc":{"start":{"line":518,"column":32},"end":{"line":522,"column":1}},"line":518},"62":{"name":"setAwaitingPasswordChange","decl":{"start":{"line":524,"column":16},"end":{"line":524,"column":41}},"loc":{"start":{"line":524,"column":51},"end":{"line":529,"column":1}},"line":524},"63":{"name":"setDoingInitialLoad","decl":{"start":{"line":531,"column":16},"end":{"line":531,"column":35}},"loc":{"start":{"line":531,"column":45},"end":{"line":536,"column":1}},"line":531},"64":{"name":"unpauseLocationTracking","decl":{"start":{"line":538,"column":16},"end":{"line":538,"column":39}},"loc":{"start":{"line":538,"column":43},"end":{"line":542,"column":1}},"line":538},"65":{"name":"updateNewRideCoords","decl":{"start":{"line":544,"column":16},"end":{"line":544,"column":35}},"loc":{"start":{"line":544,"column":48},"end":{"line":549,"column":1}},"line":544},"66":{"name":"userPhotoUpdated","decl":{"start":{"line":551,"column":16},"end":{"line":551,"column":32}},"loc":{"start":{"line":551,"column":45},"end":{"line":556,"column":1}},"line":551},"67":{"name":"userSearchReturned","decl":{"start":{"line":558,"column":16},"end":{"line":558,"column":34}},"loc":{"start":{"line":558,"column":55},"end":{"line":563,"column":1}},"line":558},"68":{"name":"userUpdated","decl":{"start":{"line":565,"column":16},"end":{"line":565,"column":27}},"loc":{"start":{"line":565,"column":39},"end":{"line":570,"column":1}},"line":565}},"branchMap":{},"s":{"0":0,"1":0,"2":0,"3":0,"4":0,"5":0,"6":0,"7":0,"8":0,"9":0,"10":0,"11":0,"12":0,"13":0,"14":0,"15":0,"16":0,"17":0,"18":0,"19":0,"20":0,"21":0,"22":0,"23":0,"24":0,"25":0,"26":0,"27":0,"28":0,"29":0,"30":0,"31":6,"32":0,"33":0,"34":0,"35":0,"36":0,"37":5,"38":0,"39":0,"40":0,"41":0,"42":0,"43":0,"44":0,"45":0,"46":0,"47":0,"48":0,"49":0,"50":0,"51":0,"52":0,"53":0,"54":0,"55":0,"56":0,"57":0,"58":0,"59":0,"60":1,"61":0,"62":0,"63":0,"64":0,"65":0,"66":0,"67":0,"68":0},"f":{"0":0,"1":0,"2":0,"3":0,"4":0,"5":0,"6":0,"7":0,"8":0,"9":0,"10":0,"11":0,"12":0,"13":0,"14":0,"15":0,"16":0,"17":0,"18":0,"19":0,"20":0,"21":0,"22":0,"23":0,"24":0,"25":0,"26":0,"27":0,"28":0,"29":0,"30":0,"31":6,"32":0,"33":0,"34":0,"35":0,"36":0,"37":5,"38":0,"39":0,"40":0,"41":0,"42":0,"43":0,"44":0,"45":0,"46":0,"47":0,"48":0,"49":0,"50":0,"51":0,"52":0,"53":0,"54":0,"55":0,"56":0,"57":0,"58":0,"59":0,"60":1,"61":0,"62":0,"63":0,"64":0,"65":0,"66":0,"67":0,"68":0},"b":{},"_coverageSchema":"332fd63041d2c1bcb487cc26dd0d5f7d97098a6c","hash":"753ed05333908fe6444ce28bae60e536fcd61f21"}
,"/Users/brln/equesteo/equesteo-app/components/BuildImage.js": {"path":"/Users/brln/equesteo/equesteo-app/components/BuildImage.js","statementMap":{"0":{"start":{"line":8,"column":4},"end":{"line":15,"column":5}}},"fnMap":{"0":{"name":"(anonymous_0)","decl":{"start":{"line":7,"column":2},"end":{"line":7,"column":3}},"loc":{"start":{"line":7,"column":12},"end":{"line":16,"column":3}},"line":7}},"branchMap":{},"s":{"0":1},"f":{"0":1},"b":{},"_coverageSchema":"332fd63041d2c1bcb487cc26dd0d5f7d97098a6c","hash":"db27a4d61ecc92159f420f492786799310348133"}
,"/Users/brln/equesteo/equesteo-app/components/RideRecorder/DiscardModal.js": {"path":"/Users/brln/equesteo/equesteo-app/components/RideRecorder/DiscardModal.js","statementMap":{"0":{"start":{"line":15,"column":26},"end":{"line":15,"column":50}},"1":{"start":{"line":19,"column":4},"end":{"line":41,"column":5}},"2":{"start":{"line":45,"column":0},"end":{"line":50,"column":1}},"3":{"start":{"line":52,"column":15},"end":{"line":62,"column":2}}},"fnMap":{"0":{"name":"(anonymous_0)","decl":{"start":{"line":18,"column":2},"end":{"line":18,"column":3}},"loc":{"start":{"line":18,"column":12},"end":{"line":42,"column":3}},"line":18}},"branchMap":{},"s":{"0":1,"1":2,"2":1,"3":1},"f":{"0":2},"b":{},"_coverageSchema":"332fd63041d2c1bcb487cc26dd0d5f7d97098a6c","hash":"670e32e52890ca270d5dc11273289f2c7ca77b25"}
,"/Users/brln/equesteo/equesteo-app/components/RideRecorder/RideStats.js": {"path":"/Users/brln/equesteo/equesteo-app/components/RideRecorder/RideStats.js","statementMap":{"0":{"start":{"line":8,"column":21},"end":{"line":10,"column":1}},"1":{"start":{"line":14,"column":4},"end":{"line":14,"column":11}},"2":{"start":{"line":15,"column":4},"end":{"line":15,"column":44}},"3":{"start":{"line":16,"column":4},"end":{"line":16,"column":36}},"4":{"start":{"line":17,"column":4},"end":{"line":17,"column":58}},"5":{"start":{"line":18,"column":4},"end":{"line":18,"column":58}},"6":{"start":{"line":19,"column":4},"end":{"line":19,"column":52}},"7":{"start":{"line":21,"column":4},"end":{"line":21,"column":49}},"8":{"start":{"line":22,"column":4},"end":{"line":22,"column":63}},"9":{"start":{"line":23,"column":4},"end":{"line":23,"column":57}},"10":{"start":{"line":24,"column":4},"end":{"line":24,"column":52}},"11":{"start":{"line":28,"column":20},"end":{"line":28,"column":24}},"12":{"start":{"line":29,"column":4},"end":{"line":35,"column":5}},"13":{"start":{"line":30,"column":25},"end":{"line":30,"column":39}},"14":{"start":{"line":31,"column":27},"end":{"line":31,"column":48}},"15":{"start":{"line":32,"column":6},"end":{"line":32,"column":47}},"16":{"start":{"line":34,"column":6},"end":{"line":34,"column":18}},"17":{"start":{"line":39,"column":16},"end":{"line":39,"column":21}},"18":{"start":{"line":40,"column":4},"end":{"line":47,"column":5}},"19":{"start":{"line":41,"column":20},"end":{"line":41,"column":45}},"20":{"start":{"line":42,"column":6},"end":{"line":46,"column":7}},"21":{"start":{"line":43,"column":8},"end":{"line":43,"column":65}},"22":{"start":{"line":45,"column":8},"end":{"line":45,"column":19}},"23":{"start":{"line":48,"column":4},"end":{"line":48,"column":16}},"24":{"start":{"line":53,"column":20},"end":{"line":53,"column":23}},"25":{"start":{"line":54,"column":4},"end":{"line":61,"column":5}},"26":{"start":{"line":55,"column":20},"end":{"line":55,"column":50}},"27":{"start":{"line":56,"column":6},"end":{"line":60,"column":7}},"28":{"start":{"line":57,"column":8},"end":{"line":57,"column":76}},"29":{"start":{"line":59,"column":8},"end":{"line":59,"column":23}},"30":{"start":{"line":62,"column":4},"end":{"line":62,"column":20}},"31":{"start":{"line":67,"column":22},"end":{"line":67,"column":61}},"32":{"start":{"line":68,"column":16},"end":{"line":68,"column":26}},"33":{"start":{"line":69,"column":23},"end":{"line":74,"column":5}},"34":{"start":{"line":75,"column":4},"end":{"line":91,"column":5}},"35":{"start":{"line":76,"column":6},"end":{"line":78,"column":8}},"36":{"start":{"line":79,"column":6},"end":{"line":90,"column":13}},"37":{"start":{"line":80,"column":20},"end":{"line":80,"column":30}},"38":{"start":{"line":81,"column":31},"end":{"line":86,"column":9}},"39":{"start":{"line":87,"column":8},"end":{"line":89,"column":10}},"40":{"start":{"line":95,"column":4},"end":{"line":95,"column":38}},"41":{"start":{"line":96,"column":4},"end":{"line":96,"column":35}},"42":{"start":{"line":100,"column":20},"end":{"line":100,"column":42}},"43":{"start":{"line":101,"column":4},"end":{"line":103,"column":5}},"44":{"start":{"line":102,"column":6},"end":{"line":102,"column":43}},"45":{"start":{"line":107,"column":4},"end":{"line":182,"column":5}},"46":{"start":{"line":108,"column":23},"end":{"line":108,"column":61}},"47":{"start":{"line":109,"column":20},"end":{"line":109,"column":66}},"48":{"start":{"line":110,"column":6},"end":{"line":179,"column":7}},"49":{"start":{"line":181,"column":6},"end":{"line":181,"column":17}},"50":{"start":{"line":186,"column":15},"end":{"line":211,"column":2}}},"fnMap":{"0":{"name":"(anonymous_0)","decl":{"start":{"line":13,"column":2},"end":{"line":13,"column":3}},"loc":{"start":{"line":13,"column":17},"end":{"line":25,"column":3}},"line":13},"1":{"name":"(anonymous_1)","decl":{"start":{"line":27,"column":2},"end":{"line":27,"column":3}},"loc":{"start":{"line":27,"column":28},"end":{"line":36,"column":3}},"line":27},"2":{"name":"(anonymous_2)","decl":{"start":{"line":38,"column":2},"end":{"line":38,"column":3}},"loc":{"start":{"line":38,"column":30},"end":{"line":49,"column":3}},"line":38},"3":{"name":"(anonymous_3)","decl":{"start":{"line":52,"column":2},"end":{"line":52,"column":3}},"loc":{"start":{"line":52,"column":34},"end":{"line":63,"column":3}},"line":52},"4":{"name":"(anonymous_4)","decl":{"start":{"line":66,"column":2},"end":{"line":66,"column":3}},"loc":{"start":{"line":66,"column":22},"end":{"line":92,"column":3}},"line":66},"5":{"name":"(anonymous_5)","decl":{"start":{"line":79,"column":37},"end":{"line":79,"column":38}},"loc":{"start":{"line":79,"column":43},"end":{"line":90,"column":7}},"line":79},"6":{"name":"(anonymous_6)","decl":{"start":{"line":94,"column":2},"end":{"line":94,"column":3}},"loc":{"start":{"line":94,"column":25},"end":{"line":97,"column":3}},"line":94},"7":{"name":"(anonymous_7)","decl":{"start":{"line":99,"column":2},"end":{"line":99,"column":3}},"loc":{"start":{"line":99,"column":21},"end":{"line":104,"column":3}},"line":99},"8":{"name":"(anonymous_8)","decl":{"start":{"line":106,"column":2},"end":{"line":106,"column":3}},"loc":{"start":{"line":106,"column":12},"end":{"line":183,"column":3}},"line":106}},"branchMap":{"0":{"loc":{"start":{"line":29,"column":4},"end":{"line":35,"column":5}},"type":"if","locations":[{"start":{"line":29,"column":4},"end":{"line":35,"column":5}},{"start":{"line":29,"column":4},"end":{"line":35,"column":5}}],"line":29},"1":{"loc":{"start":{"line":29,"column":8},"end":{"line":29,"column":31}},"type":"binary-expr","locations":[{"start":{"line":29,"column":8},"end":{"line":29,"column":19}},{"start":{"line":29,"column":23},"end":{"line":29,"column":31}}],"line":29},"2":{"loc":{"start":{"line":40,"column":4},"end":{"line":47,"column":5}},"type":"if","locations":[{"start":{"line":40,"column":4},"end":{"line":47,"column":5}},{"start":{"line":40,"column":4},"end":{"line":47,"column":5}}],"line":40},"3":{"loc":{"start":{"line":42,"column":6},"end":{"line":46,"column":7}},"type":"if","locations":[{"start":{"line":42,"column":6},"end":{"line":46,"column":7}},{"start":{"line":42,"column":6},"end":{"line":46,"column":7}}],"line":42},"4":{"loc":{"start":{"line":42,"column":10},"end":{"line":42,"column":30}},"type":"binary-expr","locations":[{"start":{"line":42,"column":10},"end":{"line":42,"column":15}},{"start":{"line":42,"column":19},"end":{"line":42,"column":30}}],"line":42},"5":{"loc":{"start":{"line":54,"column":4},"end":{"line":61,"column":5}},"type":"if","locations":[{"start":{"line":54,"column":4},"end":{"line":61,"column":5}},{"start":{"line":54,"column":4},"end":{"line":61,"column":5}}],"line":54},"6":{"loc":{"start":{"line":56,"column":6},"end":{"line":60,"column":7}},"type":"if","locations":[{"start":{"line":56,"column":6},"end":{"line":60,"column":7}},{"start":{"line":56,"column":6},"end":{"line":60,"column":7}}],"line":56},"7":{"loc":{"start":{"line":75,"column":4},"end":{"line":91,"column":5}},"type":"if","locations":[{"start":{"line":75,"column":4},"end":{"line":91,"column":5}},{"start":{"line":75,"column":4},"end":{"line":91,"column":5}}],"line":75},"8":{"loc":{"start":{"line":75,"column":8},"end":{"line":75,"column":42}},"type":"binary-expr","locations":[{"start":{"line":75,"column":8},"end":{"line":75,"column":17}},{"start":{"line":75,"column":21},"end":{"line":75,"column":42}}],"line":75},"9":{"loc":{"start":{"line":101,"column":4},"end":{"line":103,"column":5}},"type":"if","locations":[{"start":{"line":101,"column":4},"end":{"line":103,"column":5}},{"start":{"line":101,"column":4},"end":{"line":103,"column":5}}],"line":101},"10":{"loc":{"start":{"line":107,"column":4},"end":{"line":182,"column":5}},"type":"if","locations":[{"start":{"line":107,"column":4},"end":{"line":182,"column":5}},{"start":{"line":107,"column":4},"end":{"line":182,"column":5}}],"line":107}},"s":{"0":1,"1":2,"2":2,"3":2,"4":2,"5":2,"6":2,"7":2,"8":2,"9":2,"10":2,"11":2,"12":2,"13":0,"14":0,"15":0,"16":2,"17":1,"18":1,"19":0,"20":0,"21":0,"22":0,"23":1,"24":1,"25":1,"26":0,"27":0,"28":0,"29":0,"30":1,"31":2,"32":2,"33":2,"34":2,"35":2,"36":2,"37":0,"38":0,"39":0,"40":0,"41":0,"42":2,"43":2,"44":0,"45":4,"46":2,"47":2,"48":2,"49":2,"50":1},"f":{"0":2,"1":2,"2":1,"3":1,"4":2,"5":0,"6":0,"7":2,"8":4},"b":{"0":[0,2],"1":[2,0],"2":[0,1],"3":[0,0],"4":[0,0],"5":[0,1],"6":[0,0],"7":[2,0],"8":[2,2],"9":[0,2],"10":[2,2]},"_coverageSchema":"332fd63041d2c1bcb487cc26dd0d5f7d97098a6c","hash":"0735a754331f422b55aad0ee6bbf2417d6ce44af"}
,"/Users/brln/equesteo/equesteo-app/components/RideRecorder/RidingMap.js": {"path":"/Users/brln/equesteo/equesteo-app/components/RideRecorder/RidingMap.js","statementMap":{"0":{"start":{"line":18,"column":18},"end":{"line":18,"column":42}},"1":{"start":{"line":20,"column":18},"end":{"line":20,"column":27}},"2":{"start":{"line":24,"column":4},"end":{"line":24,"column":16}},"3":{"start":{"line":25,"column":4},"end":{"line":28,"column":5}},"4":{"start":{"line":29,"column":4},"end":{"line":29,"column":54}},"5":{"start":{"line":30,"column":4},"end":{"line":30,"column":56}},"6":{"start":{"line":31,"column":4},"end":{"line":31,"column":48}},"7":{"start":{"line":32,"column":4},"end":{"line":32,"column":52}},"8":{"start":{"line":33,"column":4},"end":{"line":33,"column":68}},"9":{"start":{"line":34,"column":4},"end":{"line":34,"column":56}},"10":{"start":{"line":35,"column":4},"end":{"line":35,"column":64}},"11":{"start":{"line":39,"column":30},"end":{"line":42,"column":5}},"12":{"start":{"line":44,"column":24},"end":{"line":44,"column":25}},"13":{"start":{"line":45,"column":4},"end":{"line":74,"column":44}},"14":{"start":{"line":46,"column":16},"end":{"line":46,"column":42}},"15":{"start":{"line":47,"column":6},"end":{"line":72,"column":7}},"16":{"start":{"line":48,"column":8},"end":{"line":48,"column":27}},"17":{"start":{"line":50,"column":8},"end":{"line":55,"column":9}},"18":{"start":{"line":56,"column":21},"end":{"line":56,"column":52}},"19":{"start":{"line":57,"column":24},"end":{"line":69,"column":9}},"20":{"start":{"line":70,"column":8},"end":{"line":70,"column":54}},"21":{"start":{"line":71,"column":8},"end":{"line":71,"column":27}},"22":{"start":{"line":73,"column":6},"end":{"line":73,"column":18}},"23":{"start":{"line":75,"column":4},"end":{"line":75,"column":28}},"24":{"start":{"line":79,"column":4},"end":{"line":82,"column":6}},"25":{"start":{"line":86,"column":4},"end":{"line":89,"column":6}},"26":{"start":{"line":93,"column":28},"end":{"line":98,"column":29}},"27":{"start":{"line":94,"column":26},"end":{"line":94,"column":52}},"28":{"start":{"line":95,"column":6},"end":{"line":95,"column":50}},"29":{"start":{"line":96,"column":6},"end":{"line":96,"column":52}},"30":{"start":{"line":97,"column":6},"end":{"line":97,"column":18}},"31":{"start":{"line":99,"column":19},"end":{"line":99,"column":36}},"32":{"start":{"line":100,"column":19},"end":{"line":100,"column":36}},"33":{"start":{"line":101,"column":20},"end":{"line":101,"column":38}},"34":{"start":{"line":102,"column":20},"end":{"line":102,"column":38}},"35":{"start":{"line":103,"column":21},"end":{"line":103,"column":58}},"36":{"start":{"line":104,"column":22},"end":{"line":104,"column":62}},"37":{"start":{"line":105,"column":26},"end":{"line":105,"column":65}},"38":{"start":{"line":106,"column":27},"end":{"line":106,"column":68}},"39":{"start":{"line":107,"column":4},"end":{"line":112,"column":5}},"40":{"start":{"line":116,"column":4},"end":{"line":131,"column":5}},"41":{"start":{"line":117,"column":6},"end":{"line":128,"column":7}},"42":{"start":{"line":119,"column":10},"end":{"line":119,"column":50}},"43":{"start":{"line":121,"column":10},"end":{"line":121,"column":50}},"44":{"start":{"line":123,"column":10},"end":{"line":123,"column":50}},"45":{"start":{"line":125,"column":10},"end":{"line":125,"column":50}},"46":{"start":{"line":127,"column":10},"end":{"line":127,"column":50}},"47":{"start":{"line":130,"column":6},"end":{"line":130,"column":17}},"48":{"start":{"line":135,"column":17},"end":{"line":135,"column":19}},"49":{"start":{"line":136,"column":4},"end":{"line":138,"column":5}},"50":{"start":{"line":137,"column":6},"end":{"line":137,"column":76}},"51":{"start":{"line":139,"column":4},"end":{"line":149,"column":5}},"52":{"start":{"line":153,"column":4},"end":{"line":173,"column":5}},"53":{"start":{"line":154,"column":6},"end":{"line":170,"column":7}},"54":{"start":{"line":172,"column":6},"end":{"line":172,"column":17}},"55":{"start":{"line":177,"column":4},"end":{"line":211,"column":5}},"56":{"start":{"line":178,"column":26},"end":{"line":178,"column":35}},"57":{"start":{"line":179,"column":29},"end":{"line":179,"column":38}},"58":{"start":{"line":180,"column":6},"end":{"line":208,"column":9}},"59":{"start":{"line":210,"column":6},"end":{"line":210,"column":17}},"60":{"start":{"line":215,"column":4},"end":{"line":217,"column":6}},"61":{"start":{"line":221,"column":4},"end":{"line":221,"column":39}},"62":{"start":{"line":222,"column":24},"end":{"line":222,"column":67}},"63":{"start":{"line":223,"column":22},"end":{"line":223,"column":81}},"64":{"start":{"line":224,"column":24},"end":{"line":224,"column":162}},"65":{"start":{"line":225,"column":4},"end":{"line":275,"column":5}},"66":{"start":{"line":235,"column":25},"end":{"line":235,"column":39}},"67":{"start":{"line":267,"column":34},"end":{"line":267,"column":88}},"68":{"start":{"line":279,"column":0},"end":{"line":288,"column":1}},"69":{"start":{"line":290,"column":20},"end":{"line":301,"column":2}},"70":{"start":{"line":303,"column":15},"end":{"line":317,"column":2}}},"fnMap":{"0":{"name":"(anonymous_0)","decl":{"start":{"line":23,"column":2},"end":{"line":23,"column":3}},"loc":{"start":{"line":23,"column":22},"end":{"line":36,"column":3}},"line":23},"1":{"name":"(anonymous_1)","decl":{"start":{"line":38,"column":2},"end":{"line":38,"column":3}},"loc":{"start":{"line":38,"column":42},"end":{"line":76,"column":3}},"line":38},"2":{"name":"(anonymous_2)","decl":{"start":{"line":45,"column":27},"end":{"line":45,"column":28}},"loc":{"start":{"line":45,"column":45},"end":{"line":74,"column":5}},"line":45},"3":{"name":"(anonymous_3)","decl":{"start":{"line":78,"column":2},"end":{"line":78,"column":3}},"loc":{"start":{"line":78,"column":16},"end":{"line":83,"column":3}},"line":78},"4":{"name":"(anonymous_4)","decl":{"start":{"line":85,"column":2},"end":{"line":85,"column":3}},"loc":{"start":{"line":85,"column":18},"end":{"line":90,"column":3}},"line":85},"5":{"name":"(anonymous_5)","decl":{"start":{"line":92,"column":2},"end":{"line":92,"column":3}},"loc":{"start":{"line":92,"column":18},"end":{"line":113,"column":3}},"line":92},"6":{"name":"(anonymous_6)","decl":{"start":{"line":93,"column":69},"end":{"line":93,"column":70}},"loc":{"start":{"line":93,"column":87},"end":{"line":98,"column":5}},"line":93},"7":{"name":"(anonymous_7)","decl":{"start":{"line":115,"column":2},"end":{"line":115,"column":3}},"loc":{"start":{"line":115,"column":20},"end":{"line":132,"column":3}},"line":115},"8":{"name":"(anonymous_8)","decl":{"start":{"line":134,"column":2},"end":{"line":134,"column":3}},"loc":{"start":{"line":134,"column":33},"end":{"line":150,"column":3}},"line":134},"9":{"name":"(anonymous_9)","decl":{"start":{"line":152,"column":2},"end":{"line":152,"column":3}},"loc":{"start":{"line":152,"column":20},"end":{"line":174,"column":3}},"line":152},"10":{"name":"(anonymous_10)","decl":{"start":{"line":176,"column":2},"end":{"line":176,"column":3}},"loc":{"start":{"line":176,"column":26},"end":{"line":212,"column":3}},"line":176},"11":{"name":"(anonymous_11)","decl":{"start":{"line":214,"column":2},"end":{"line":214,"column":3}},"loc":{"start":{"line":214,"column":24},"end":{"line":218,"column":3}},"line":214},"12":{"name":"(anonymous_12)","decl":{"start":{"line":220,"column":2},"end":{"line":220,"column":3}},"loc":{"start":{"line":220,"column":11},"end":{"line":276,"column":3}},"line":220},"13":{"name":"(anonymous_13)","decl":{"start":{"line":235,"column":17},"end":{"line":235,"column":18}},"loc":{"start":{"line":235,"column":25},"end":{"line":235,"column":39}},"line":235},"14":{"name":"(anonymous_14)","decl":{"start":{"line":267,"column":25},"end":{"line":267,"column":26}},"loc":{"start":{"line":267,"column":32},"end":{"line":267,"column":90}},"line":267}},"branchMap":{"0":{"loc":{"start":{"line":47,"column":6},"end":{"line":72,"column":7}},"type":"if","locations":[{"start":{"line":47,"column":6},"end":{"line":72,"column":7}},{"start":{"line":47,"column":6},"end":{"line":72,"column":7}}],"line":47},"1":{"loc":{"start":{"line":103,"column":21},"end":{"line":103,"column":58}},"type":"binary-expr","locations":[{"start":{"line":103,"column":21},"end":{"line":103,"column":53}},{"start":{"line":103,"column":57},"end":{"line":103,"column":58}}],"line":103},"2":{"loc":{"start":{"line":104,"column":22},"end":{"line":104,"column":62}},"type":"binary-expr","locations":[{"start":{"line":104,"column":22},"end":{"line":104,"column":57}},{"start":{"line":104,"column":61},"end":{"line":104,"column":62}}],"line":104},"3":{"loc":{"start":{"line":116,"column":4},"end":{"line":131,"column":5}},"type":"if","locations":[{"start":{"line":116,"column":4},"end":{"line":131,"column":5}},{"start":{"line":116,"column":4},"end":{"line":131,"column":5}}],"line":116},"4":{"loc":{"start":{"line":117,"column":6},"end":{"line":128,"column":7}},"type":"switch","locations":[{"start":{"line":118,"column":8},"end":{"line":119,"column":50}},{"start":{"line":120,"column":8},"end":{"line":121,"column":50}},{"start":{"line":122,"column":8},"end":{"line":123,"column":50}},{"start":{"line":124,"column":8},"end":{"line":125,"column":50}},{"start":{"line":126,"column":8},"end":{"line":127,"column":50}}],"line":117},"5":{"loc":{"start":{"line":136,"column":4},"end":{"line":138,"column":5}},"type":"if","locations":[{"start":{"line":136,"column":4},"end":{"line":138,"column":5}},{"start":{"line":136,"column":4},"end":{"line":138,"column":5}}],"line":136},"6":{"loc":{"start":{"line":153,"column":4},"end":{"line":173,"column":5}},"type":"if","locations":[{"start":{"line":153,"column":4},"end":{"line":173,"column":5}},{"start":{"line":153,"column":4},"end":{"line":173,"column":5}}],"line":153},"7":{"loc":{"start":{"line":177,"column":4},"end":{"line":211,"column":5}},"type":"if","locations":[{"start":{"line":177,"column":4},"end":{"line":211,"column":5}},{"start":{"line":177,"column":4},"end":{"line":211,"column":5}}],"line":177},"8":{"loc":{"start":{"line":189,"column":29},"end":{"line":189,"column":88}},"type":"cond-expr","locations":[{"start":{"line":189,"column":60},"end":{"line":189,"column":71}},{"start":{"line":189,"column":74},"end":{"line":189,"column":88}}],"line":189},"9":{"loc":{"start":{"line":202,"column":29},"end":{"line":202,"column":90}},"type":"cond-expr","locations":[{"start":{"line":202,"column":62},"end":{"line":202,"column":73}},{"start":{"line":202,"column":76},"end":{"line":202,"column":90}}],"line":202},"10":{"loc":{"start":{"line":222,"column":24},"end":{"line":222,"column":67}},"type":"cond-expr","locations":[{"start":{"line":222,"column":53},"end":{"line":222,"column":62}},{"start":{"line":222,"column":65},"end":{"line":222,"column":67}}],"line":222},"11":{"loc":{"start":{"line":224,"column":24},"end":{"line":224,"column":162}},"type":"cond-expr","locations":[{"start":{"line":224,"column":55},"end":{"line":224,"column":107}},{"start":{"line":224,"column":110},"end":{"line":224,"column":162}}],"line":224}},"s":{"0":1,"1":1,"2":1,"3":1,"4":1,"5":1,"6":1,"7":1,"8":1,"9":1,"10":1,"11":1,"12":1,"13":1,"14":1,"15":1,"16":1,"17":0,"18":0,"19":0,"20":0,"21":0,"22":1,"23":1,"24":0,"25":0,"26":0,"27":0,"28":0,"29":0,"30":0,"31":0,"32":0,"33":0,"34":0,"35":0,"36":0,"37":0,"38":0,"39":0,"40":1,"41":1,"42":0,"43":0,"44":0,"45":0,"46":1,"47":0,"48":1,"49":1,"50":1,"51":1,"52":1,"53":0,"54":1,"55":1,"56":0,"57":0,"58":0,"59":1,"60":0,"61":1,"62":1,"63":1,"64":1,"65":1,"66":1,"67":0,"68":1,"69":1,"70":1},"f":{"0":1,"1":1,"2":1,"3":0,"4":0,"5":0,"6":0,"7":1,"8":1,"9":1,"10":1,"11":0,"12":1,"13":1,"14":0},"b":{"0":[1,0],"1":[0,0],"2":[0,0],"3":[1,0],"4":[0,0,0,0,1],"5":[1,0],"6":[0,1],"7":[0,1],"8":[0,0],"9":[0,0],"10":[0,1],"11":[1,0]},"_coverageSchema":"332fd63041d2c1bcb487cc26dd0d5f7d97098a6c","hash":"178d3d6b55d4da11778ac5acf2a0b9e12a48ec61"}
,"/Users/brln/equesteo/equesteo-app/reducers/CurrentRide.js": {"path":"/Users/brln/equesteo/equesteo-app/reducers/CurrentRide.js","statementMap":{"0":{"start":{"line":28,"column":28},"end":{"line":38,"column":2}},"1":{"start":{"line":41,"column":2},"end":{"line":338,"column":3}},"2":{"start":{"line":43,"column":6},"end":{"line":43,"column":25}},"3":{"start":{"line":45,"column":6},"end":{"line":45,"column":74}},"4":{"start":{"line":47,"column":6},"end":{"line":47,"column":52}},"5":{"start":{"line":49,"column":6},"end":{"line":55,"column":7}},"6":{"start":{"line":57,"column":6},"end":{"line":57,"column":36}},"7":{"start":{"line":59,"column":6},"end":{"line":62,"column":7}},"8":{"start":{"line":64,"column":30},"end":{"line":64,"column":88}},"9":{"start":{"line":65,"column":32},"end":{"line":65,"column":63}},"10":{"start":{"line":66,"column":21},"end":{"line":68,"column":8}},"11":{"start":{"line":67,"column":8},"end":{"line":67,"column":55}},"12":{"start":{"line":69,"column":6},"end":{"line":72,"column":41}},"13":{"start":{"line":74,"column":23},"end":{"line":82,"column":7}},"14":{"start":{"line":83,"column":26},"end":{"line":83,"column":50}},"15":{"start":{"line":84,"column":32},"end":{"line":84,"column":66}},"16":{"start":{"line":85,"column":33},"end":{"line":85,"column":68}},"17":{"start":{"line":86,"column":32},"end":{"line":86,"column":67}},"18":{"start":{"line":87,"column":25},"end":{"line":92,"column":8}},"19":{"start":{"line":93,"column":31},"end":{"line":93,"column":62}},"20":{"start":{"line":95,"column":6},"end":{"line":173,"column":7}},"21":{"start":{"line":101,"column":26},"end":{"line":101,"column":27}},"22":{"start":{"line":102,"column":28},"end":{"line":102,"column":29}},"23":{"start":{"line":103,"column":29},"end":{"line":103,"column":54}},"24":{"start":{"line":104,"column":30},"end":{"line":104,"column":56}},"25":{"start":{"line":105,"column":8},"end":{"line":118,"column":9}},"26":{"start":{"line":106,"column":10},"end":{"line":111,"column":11}},"27":{"start":{"line":112,"column":10},"end":{"line":117,"column":11}},"28":{"start":{"line":119,"column":32},"end":{"line":125,"column":10}},"29":{"start":{"line":124,"column":10},"end":{"line":124,"column":57}},"30":{"start":{"line":126,"column":30},"end":{"line":126,"column":71}},"31":{"start":{"line":127,"column":38},"end":{"line":127,"column":96}},"32":{"start":{"line":128,"column":31},"end":{"line":128,"column":73}},"33":{"start":{"line":130,"column":10},"end":{"line":138,"column":11}},"34":{"start":{"line":139,"column":8},"end":{"line":148,"column":9}},"35":{"start":{"line":149,"column":13},"end":{"line":173,"column":7}},"36":{"start":{"line":151,"column":10},"end":{"line":156,"column":11}},"37":{"start":{"line":157,"column":35},"end":{"line":163,"column":10}},"38":{"start":{"line":162,"column":10},"end":{"line":162,"column":57}},"39":{"start":{"line":164,"column":8},"end":{"line":170,"column":9}},"40":{"start":{"line":172,"column":8},"end":{"line":172,"column":23}},"41":{"start":{"line":175,"column":33},"end":{"line":181,"column":7}},"42":{"start":{"line":182,"column":27},"end":{"line":182,"column":51}},"43":{"start":{"line":183,"column":38},"end":{"line":183,"column":73}},"44":{"start":{"line":185,"column":29},"end":{"line":190,"column":8}},"45":{"start":{"line":191,"column":35},"end":{"line":191,"column":70}},"46":{"start":{"line":193,"column":6},"end":{"line":278,"column":7}},"47":{"start":{"line":194,"column":27},"end":{"line":194,"column":73}},"48":{"start":{"line":195,"column":8},"end":{"line":277,"column":9}},"49":{"start":{"line":196,"column":10},"end":{"line":211,"column":11}},"50":{"start":{"line":212,"column":15},"end":{"line":277,"column":9}},"51":{"start":{"line":213,"column":33},"end":{"line":213,"column":85}},"52":{"start":{"line":214,"column":40},"end":{"line":214,"column":95}},"53":{"start":{"line":215,"column":34},"end":{"line":215,"column":73}},"54":{"start":{"line":216,"column":28},"end":{"line":216,"column":67}},"55":{"start":{"line":217,"column":30},"end":{"line":222,"column":11}},"56":{"start":{"line":223,"column":32},"end":{"line":227,"column":11}},"57":{"start":{"line":228,"column":35},"end":{"line":232,"column":11}},"58":{"start":{"line":233,"column":30},"end":{"line":238,"column":11}},"59":{"start":{"line":239,"column":37},"end":{"line":239,"column":69}},"60":{"start":{"line":240,"column":35},"end":{"line":240,"column":83}},"61":{"start":{"line":242,"column":28},"end":{"line":247,"column":30}},"62":{"start":{"line":248,"column":37},"end":{"line":254,"column":12}},"63":{"start":{"line":253,"column":12},"end":{"line":253,"column":59}},"64":{"start":{"line":256,"column":32},"end":{"line":258,"column":25}},"65":{"start":{"line":259,"column":10},"end":{"line":276,"column":11}},"66":{"start":{"line":279,"column":6},"end":{"line":279,"column":33}},"67":{"start":{"line":281,"column":6},"end":{"line":281,"column":55}},"68":{"start":{"line":283,"column":6},"end":{"line":283,"column":43}},"69":{"start":{"line":285,"column":21},"end":{"line":285,"column":23}},"70":{"start":{"line":286,"column":23},"end":{"line":286,"column":28}},"71":{"start":{"line":287,"column":6},"end":{"line":299,"column":7}},"72":{"start":{"line":288,"column":31},"end":{"line":293,"column":10}},"73":{"start":{"line":294,"column":8},"end":{"line":294,"column":35}},"74":{"start":{"line":295,"column":8},"end":{"line":298,"column":50}},"75":{"start":{"line":300,"column":6},"end":{"line":319,"column":7}},"76":{"start":{"line":321,"column":6},"end":{"line":321,"column":54}},"77":{"start":{"line":323,"column":6},"end":{"line":323,"column":55}},"78":{"start":{"line":325,"column":29},"end":{"line":325,"column":75}},"79":{"start":{"line":326,"column":28},"end":{"line":326,"column":70}},"80":{"start":{"line":327,"column":22},"end":{"line":327,"column":70}},"81":{"start":{"line":328,"column":28},"end":{"line":328,"column":51}},"82":{"start":{"line":329,"column":6},"end":{"line":335,"column":7}},"83":{"start":{"line":337,"column":6},"end":{"line":337,"column":18}}},"fnMap":{"0":{"name":"CurrentRideReducer","decl":{"start":{"line":40,"column":24},"end":{"line":40,"column":42}},"loc":{"start":{"line":40,"column":71},"end":{"line":339,"column":1}},"line":40},"1":{"name":"(anonymous_1)","decl":{"start":{"line":66,"column":68},"end":{"line":66,"column":69}},"loc":{"start":{"line":66,"column":78},"end":{"line":68,"column":7}},"line":66},"2":{"name":"(anonymous_2)","decl":{"start":{"line":123,"column":15},"end":{"line":123,"column":16}},"loc":{"start":{"line":123,"column":25},"end":{"line":125,"column":9}},"line":123},"3":{"name":"(anonymous_3)","decl":{"start":{"line":161,"column":15},"end":{"line":161,"column":16}},"loc":{"start":{"line":161,"column":25},"end":{"line":163,"column":9}},"line":161},"4":{"name":"(anonymous_4)","decl":{"start":{"line":252,"column":17},"end":{"line":252,"column":18}},"loc":{"start":{"line":252,"column":27},"end":{"line":254,"column":11}},"line":252}},"branchMap":{"0":{"loc":{"start":{"line":40,"column":43},"end":{"line":40,"column":61}},"type":"default-arg","locations":[{"start":{"line":40,"column":49},"end":{"line":40,"column":61}}],"line":40},"1":{"loc":{"start":{"line":41,"column":2},"end":{"line":338,"column":3}},"type":"switch","locations":[{"start":{"line":42,"column":4},"end":{"line":43,"column":25}},{"start":{"line":44,"column":4},"end":{"line":45,"column":74}},{"start":{"line":46,"column":4},"end":{"line":47,"column":52}},{"start":{"line":48,"column":4},"end":{"line":55,"column":7}},{"start":{"line":56,"column":4},"end":{"line":57,"column":36}},{"start":{"line":58,"column":4},"end":{"line":62,"column":7}},{"start":{"line":63,"column":4},"end":{"line":72,"column":41}},{"start":{"line":73,"column":4},"end":{"line":173,"column":7}},{"start":{"line":174,"column":4},"end":{"line":279,"column":33}},{"start":{"line":280,"column":4},"end":{"line":281,"column":55}},{"start":{"line":282,"column":4},"end":{"line":283,"column":43}},{"start":{"line":284,"column":4},"end":{"line":319,"column":7}},{"start":{"line":320,"column":4},"end":{"line":321,"column":54}},{"start":{"line":322,"column":4},"end":{"line":323,"column":55}},{"start":{"line":324,"column":4},"end":{"line":335,"column":7}},{"start":{"line":336,"column":4},"end":{"line":337,"column":18}}],"line":41},"2":{"loc":{"start":{"line":95,"column":6},"end":{"line":173,"column":7}},"type":"if","locations":[{"start":{"line":95,"column":6},"end":{"line":173,"column":7}},{"start":{"line":95,"column":6},"end":{"line":173,"column":7}}],"line":95},"3":{"loc":{"start":{"line":95,"column":10},"end":{"line":99,"column":29}},"type":"binary-expr","locations":[{"start":{"line":95,"column":10},"end":{"line":95,"column":21}},{"start":{"line":96,"column":11},"end":{"line":96,"column":29}},{"start":{"line":97,"column":11},"end":{"line":97,"column":28}},{"start":{"line":98,"column":11},"end":{"line":98,"column":45}},{"start":{"line":99,"column":11},"end":{"line":99,"column":29}}],"line":95},"4":{"loc":{"start":{"line":105,"column":8},"end":{"line":118,"column":9}},"type":"if","locations":[{"start":{"line":105,"column":8},"end":{"line":118,"column":9}},{"start":{"line":105,"column":8},"end":{"line":118,"column":9}}],"line":105},"5":{"loc":{"start":{"line":105,"column":12},"end":{"line":105,"column":41}},"type":"binary-expr","locations":[{"start":{"line":105,"column":12},"end":{"line":105,"column":24}},{"start":{"line":105,"column":28},"end":{"line":105,"column":41}}],"line":105},"6":{"loc":{"start":{"line":149,"column":13},"end":{"line":173,"column":7}},"type":"if","locations":[{"start":{"line":149,"column":13},"end":{"line":173,"column":7}},{"start":{"line":149,"column":13},"end":{"line":173,"column":7}}],"line":149},"7":{"loc":{"start":{"line":149,"column":17},"end":{"line":149,"column":49}},"type":"binary-expr","locations":[{"start":{"line":149,"column":17},"end":{"line":149,"column":28}},{"start":{"line":149,"column":32},"end":{"line":149,"column":49}}],"line":149},"8":{"loc":{"start":{"line":193,"column":6},"end":{"line":278,"column":7}},"type":"if","locations":[{"start":{"line":193,"column":6},"end":{"line":278,"column":7}},{"start":{"line":193,"column":6},"end":{"line":278,"column":7}}],"line":193},"9":{"loc":{"start":{"line":193,"column":10},"end":{"line":193,"column":61}},"type":"binary-expr","locations":[{"start":{"line":193,"column":10},"end":{"line":193,"column":22}},{"start":{"line":193,"column":26},"end":{"line":193,"column":61}}],"line":193},"10":{"loc":{"start":{"line":195,"column":8},"end":{"line":277,"column":9}},"type":"if","locations":[{"start":{"line":195,"column":8},"end":{"line":277,"column":9}},{"start":{"line":195,"column":8},"end":{"line":277,"column":9}}],"line":195},"11":{"loc":{"start":{"line":212,"column":15},"end":{"line":277,"column":9}},"type":"if","locations":[{"start":{"line":212,"column":15},"end":{"line":277,"column":9}},{"start":{"line":212,"column":15},"end":{"line":277,"column":9}}],"line":212},"12":{"loc":{"start":{"line":240,"column":35},"end":{"line":240,"column":83}},"type":"cond-expr","locations":[{"start":{"line":240,"column":61},"end":{"line":240,"column":79}},{"start":{"line":240,"column":82},"end":{"line":240,"column":83}}],"line":240},"13":{"loc":{"start":{"line":287,"column":6},"end":{"line":299,"column":7}},"type":"if","locations":[{"start":{"line":287,"column":6},"end":{"line":299,"column":7}},{"start":{"line":287,"column":6},"end":{"line":299,"column":7}}],"line":287}},"s":{"0":3,"1":12,"2":0,"3":0,"4":0,"5":0,"6":0,"7":0,"8":0,"9":0,"10":0,"11":0,"12":0,"13":6,"14":6,"15":6,"16":6,"17":6,"18":6,"19":6,"20":6,"21":4,"22":4,"23":4,"24":4,"25":4,"26":2,"27":2,"28":4,"29":2,"30":4,"31":4,"32":4,"33":4,"34":4,"35":2,"36":1,"37":1,"38":0,"39":1,"40":1,"41":5,"42":5,"43":5,"44":5,"45":5,"46":5,"47":4,"48":4,"49":1,"50":3,"51":3,"52":3,"53":3,"54":3,"55":3,"56":3,"57":3,"58":3,"59":3,"60":3,"61":3,"62":3,"63":5,"64":3,"65":3,"66":1,"67":0,"68":0,"69":1,"70":1,"71":1,"72":1,"73":1,"74":1,"75":1,"76":0,"77":0,"78":0,"79":0,"80":0,"81":0,"82":0,"83":0},"f":{"0":12,"1":0,"2":2,"3":0,"4":5},"b":{"0":[0],"1":[0,0,0,0,0,0,0,6,5,0,0,1,0,0,0,0],"2":[4,2],"3":[6,5,4,4,4],"4":[2,2],"5":[4,2],"6":[1,1],"7":[2,1],"8":[4,1],"9":[5,4],"10":[1,3],"11":[3,0],"12":[3,0],"13":[1,0]},"_coverageSchema":"332fd63041d2c1bcb487cc26dd0d5f7d97098a6c","hash":"7b3a5b7f949084bc53bbb4d3ceaeb612c3dcfb6c"}
,"/Users/brln/equesteo/equesteo-app/services/DouglasPeucker.js": {"path":"/Users/brln/equesteo/equesteo-app/services/DouglasPeucker.js","statementMap":{"0":{"start":{"line":6,"column":12},"end":{"line":6,"column":18}},"1":{"start":{"line":8,"column":2},"end":{"line":89,"column":3}},"2":{"start":{"line":11,"column":8},"end":{"line":11,"column":42}},"3":{"start":{"line":12,"column":8},"end":{"line":12,"column":42}},"4":{"start":{"line":17,"column":8},"end":{"line":17,"column":42}},"5":{"start":{"line":18,"column":16},"end":{"line":18,"column":127}},"6":{"start":{"line":20,"column":14},"end":{"line":20,"column":72}},"7":{"start":{"line":21,"column":14},"end":{"line":21,"column":16}},"8":{"start":{"line":23,"column":8},"end":{"line":23,"column":125}},"9":{"start":{"line":25,"column":8},"end":{"line":25,"column":169}},"10":{"start":{"line":27,"column":8},"end":{"line":27,"column":169}},"11":{"start":{"line":29,"column":8},"end":{"line":31,"column":15}},"12":{"start":{"line":30,"column":10},"end":{"line":30,"column":27}},"13":{"start":{"line":35,"column":25},"end":{"line":83,"column":5}},"14":{"start":{"line":36,"column":6},"end":{"line":38,"column":7}},"15":{"start":{"line":37,"column":8},"end":{"line":37,"column":37}},"16":{"start":{"line":39,"column":25},"end":{"line":39,"column":31}},"17":{"start":{"line":41,"column":15},"end":{"line":41,"column":72}},"18":{"start":{"line":43,"column":22},"end":{"line":43,"column":23}},"19":{"start":{"line":44,"column":27},"end":{"line":44,"column":28}},"20":{"start":{"line":46,"column":6},"end":{"line":52,"column":7}},"21":{"start":{"line":47,"column":23},"end":{"line":47,"column":60}},"22":{"start":{"line":48,"column":8},"end":{"line":51,"column":9}},"23":{"start":{"line":49,"column":10},"end":{"line":49,"column":33}},"24":{"start":{"line":50,"column":10},"end":{"line":50,"column":31}},"25":{"start":{"line":54,"column":6},"end":{"line":81,"column":7}},"26":{"start":{"line":55,"column":8},"end":{"line":55,"column":41}},"27":{"start":{"line":56,"column":8},"end":{"line":56,"column":40}},"28":{"start":{"line":58,"column":8},"end":{"line":66,"column":9}},"29":{"start":{"line":67,"column":8},"end":{"line":75,"column":10}},"30":{"start":{"line":78,"column":8},"end":{"line":78,"column":41}},"31":{"start":{"line":79,"column":8},"end":{"line":79,"column":40}},"32":{"start":{"line":80,"column":8},"end":{"line":80,"column":44}},"33":{"start":{"line":82,"column":6},"end":{"line":82,"column":26}},"34":{"start":{"line":84,"column":4},"end":{"line":84,"column":46}},"35":{"start":{"line":86,"column":4},"end":{"line":88,"column":5}},"36":{"start":{"line":87,"column":6},"end":{"line":87,"column":55}},"37":{"start":{"line":90,"column":2},"end":{"line":90,"column":13}}},"fnMap":{"0":{"name":"simplifyLine","decl":{"start":{"line":4,"column":16},"end":{"line":4,"column":28}},"loc":{"start":{"line":4,"column":49},"end":{"line":91,"column":1}},"line":4},"1":{"name":"(anonymous_1)","decl":{"start":{"line":10,"column":6},"end":{"line":10,"column":7}},"loc":{"start":{"line":10,"column":26},"end":{"line":13,"column":7}},"line":10},"2":{"name":"(anonymous_2)","decl":{"start":{"line":15,"column":6},"end":{"line":15,"column":7}},"loc":{"start":{"line":15,"column":32},"end":{"line":32,"column":7}},"line":15},"3":{"name":"(anonymous_3)","decl":{"start":{"line":29,"column":23},"end":{"line":29,"column":24}},"loc":{"start":{"line":29,"column":40},"end":{"line":31,"column":9}},"line":29},"4":{"name":"(anonymous_4)","decl":{"start":{"line":35,"column":25},"end":{"line":35,"column":26}},"loc":{"start":{"line":35,"column":55},"end":{"line":83,"column":5}},"line":35}},"branchMap":{"0":{"loc":{"start":{"line":8,"column":2},"end":{"line":89,"column":3}},"type":"if","locations":[{"start":{"line":8,"column":2},"end":{"line":89,"column":3}},{"start":{"line":8,"column":2},"end":{"line":89,"column":3}}],"line":8},"1":{"loc":{"start":{"line":36,"column":6},"end":{"line":38,"column":7}},"type":"if","locations":[{"start":{"line":36,"column":6},"end":{"line":38,"column":7}},{"start":{"line":36,"column":6},"end":{"line":38,"column":7}}],"line":36},"2":{"loc":{"start":{"line":48,"column":8},"end":{"line":51,"column":9}},"type":"if","locations":[{"start":{"line":48,"column":8},"end":{"line":51,"column":9}},{"start":{"line":48,"column":8},"end":{"line":51,"column":9}}],"line":48},"3":{"loc":{"start":{"line":54,"column":6},"end":{"line":81,"column":7}},"type":"if","locations":[{"start":{"line":54,"column":6},"end":{"line":81,"column":7}},{"start":{"line":54,"column":6},"end":{"line":81,"column":7}}],"line":54},"4":{"loc":{"start":{"line":86,"column":4},"end":{"line":88,"column":5}},"type":"if","locations":[{"start":{"line":86,"column":4},"end":{"line":88,"column":5}},{"start":{"line":86,"column":4},"end":{"line":88,"column":5}}],"line":86}},"s":{"0":4,"1":4,"2":4,"3":4,"4":11,"5":11,"6":11,"7":11,"8":11,"9":11,"10":11,"11":11,"12":23,"13":3,"14":9,"15":5,"16":4,"17":4,"18":4,"19":4,"20":4,"21":7,"22":7,"23":3,"24":3,"25":4,"26":3,"27":3,"28":3,"29":3,"30":1,"31":1,"32":1,"33":4,"34":3,"35":3,"36":2,"37":4},"f":{"0":4,"1":4,"2":11,"3":23,"4":9},"b":{"0":[3,1],"1":[5,4],"2":[3,4],"3":[3,1],"4":[2,1]},"_coverageSchema":"332fd63041d2c1bcb487cc26dd0d5f7d97098a6c","hash":"f9011d8494edaf4a27437ab89bdbd65ba3be914c"}
,"/Users/brln/equesteo/equesteo-app/services/Rainbow.js": {"path":"/Users/brln/equesteo/equesteo-app/services/Rainbow.js","statementMap":{"0":{"start":{"line":3,"column":10},"end":{"line":3,"column":28}},"1":{"start":{"line":4,"column":10},"end":{"line":4,"column":22}},"2":{"start":{"line":5,"column":2},"end":{"line":6,"column":16}},"3":{"start":{"line":6,"column":4},"end":{"line":6,"column":16}},"4":{"start":{"line":7,"column":2},"end":{"line":7,"column":51}},"5":{"start":{"line":8,"column":2},"end":{"line":8,"column":58}},"6":{"start":{"line":13,"column":2},"end":{"line":13,"column":49}},"7":{"start":{"line":17,"column":20},"end":{"line":17,"column":71}},"8":{"start":{"line":21,"column":14},"end":{"line":21,"column":16}},"9":{"start":{"line":22,"column":2},"end":{"line":22,"column":57}},"10":{"start":{"line":23,"column":2},"end":{"line":23,"column":57}},"11":{"start":{"line":24,"column":2},"end":{"line":24,"column":57}},"12":{"start":{"line":25,"column":2},"end":{"line":25,"column":15}},"13":{"start":{"line":31,"column":13},"end":{"line":31,"column":38}},"14":{"start":{"line":34,"column":13},"end":{"line":34,"column":36}},"15":{"start":{"line":37,"column":11},"end":{"line":37,"column":21}},"16":{"start":{"line":40,"column":13},"end":{"line":40,"column":16}},"17":{"start":{"line":42,"column":13},"end":{"line":42,"column":15}},"18":{"start":{"line":44,"column":1},"end":{"line":54,"column":2}},"19":{"start":{"line":45,"column":10},"end":{"line":45,"column":12}},"20":{"start":{"line":46,"column":2},"end":{"line":46,"column":21}},"21":{"start":{"line":48,"column":2},"end":{"line":48,"column":49}},"22":{"start":{"line":49,"column":2},"end":{"line":49,"column":49}},"23":{"start":{"line":50,"column":2},"end":{"line":50,"column":49}},"24":{"start":{"line":52,"column":2},"end":{"line":52,"column":31}},"25":{"start":{"line":56,"column":1},"end":{"line":56,"column":14}},"26":{"start":{"line":61,"column":19},"end":{"line":72,"column":2}},"27":{"start":{"line":73,"column":18},"end":{"line":73,"column":20}},"28":{"start":{"line":74,"column":18},"end":{"line":74,"column":22}},"29":{"start":{"line":75,"column":2},"end":{"line":83,"column":3}},"30":{"start":{"line":76,"column":4},"end":{"line":82,"column":5}},"31":{"start":{"line":77,"column":22},"end":{"line":77,"column":60}},"32":{"start":{"line":78,"column":6},"end":{"line":78,"column":45}},"33":{"start":{"line":79,"column":6},"end":{"line":79,"column":26}},"34":{"start":{"line":81,"column":6},"end":{"line":81,"column":26}},"35":{"start":{"line":84,"column":2},"end":{"line":84,"column":18}}},"fnMap":{"0":{"name":"hex","decl":{"start":{"line":2,"column":9},"end":{"line":2,"column":12}},"loc":{"start":{"line":2,"column":17},"end":{"line":9,"column":1}},"line":2},"1":{"name":"convertToHex","decl":{"start":{"line":12,"column":9},"end":{"line":12,"column":21}},"loc":{"start":{"line":12,"column":28},"end":{"line":14,"column":1}},"line":12},"2":{"name":"trim","decl":{"start":{"line":17,"column":9},"end":{"line":17,"column":13}},"loc":{"start":{"line":17,"column":18},"end":{"line":17,"column":73}},"line":17},"3":{"name":"convertToRGB","decl":{"start":{"line":20,"column":9},"end":{"line":20,"column":21}},"loc":{"start":{"line":20,"column":28},"end":{"line":26,"column":1}},"line":20},"4":{"name":"generateColor","decl":{"start":{"line":28,"column":16},"end":{"line":28,"column":29}},"loc":{"start":{"line":28,"column":61},"end":{"line":58,"column":1}},"line":28},"5":{"name":"rainbow","decl":{"start":{"line":60,"column":16},"end":{"line":60,"column":23}},"loc":{"start":{"line":60,"column":27},"end":{"line":85,"column":1}},"line":60}},"branchMap":{"0":{"loc":{"start":{"line":5,"column":2},"end":{"line":6,"column":16}},"type":"if","locations":[{"start":{"line":5,"column":2},"end":{"line":6,"column":16}},{"start":{"line":5,"column":2},"end":{"line":6,"column":16}}],"line":5},"1":{"loc":{"start":{"line":5,"column":6},"end":{"line":5,"column":25}},"type":"binary-expr","locations":[{"start":{"line":5,"column":6},"end":{"line":5,"column":12}},{"start":{"line":5,"column":16},"end":{"line":5,"column":25}}],"line":5},"2":{"loc":{"start":{"line":17,"column":27},"end":{"line":17,"column":71}},"type":"cond-expr","locations":[{"start":{"line":17,"column":50},"end":{"line":17,"column":67}},{"start":{"line":17,"column":70},"end":{"line":17,"column":71}}],"line":17},"3":{"loc":{"start":{"line":76,"column":4},"end":{"line":82,"column":5}},"type":"if","locations":[{"start":{"line":76,"column":4},"end":{"line":82,"column":5}},{"start":{"line":76,"column":4},"end":{"line":82,"column":5}}],"line":76}},"s":{"0":297,"1":297,"2":297,"3":0,"4":297,"5":297,"6":99,"7":54,"8":18,"9":18,"10":18,"11":18,"12":18,"13":9,"14":9,"15":9,"16":9,"17":9,"18":9,"19":99,"20":99,"21":99,"22":99,"23":99,"24":99,"25":9,"26":1,"27":1,"28":1,"29":1,"30":10,"31":9,"32":9,"33":9,"34":1,"35":1},"f":{"0":297,"1":99,"2":54,"3":18,"4":9,"5":1},"b":{"0":[0,297],"1":[297,297],"2":[54,0],"3":[9,1]},"_coverageSchema":"332fd63041d2c1bcb487cc26dd0d5f7d97098a6c","hash":"7c463d2b9d59df8a0bda16326c8eec609b789920"}
}
