TN:
SF:/Users/brln/equesteo/equesteo-app/colors.js
FNF:0
FNH:0
DA:1,1
DA:2,1
DA:3,1
DA:4,1
DA:5,1
DA:6,1
DA:7,1
DA:8,1
DA:9,1
DA:10,1
DA:11,1
DA:12,1
LF:12
LH:12
BRF:0
BRH:0
end_of_record
TN:
SF:/Users/brln/equesteo/equesteo-app/constants.js
FNF:0
FNH:0
DA:1,3
DA:2,3
DA:3,3
DA:4,3
DA:5,3
DA:6,3
DA:7,3
DA:8,3
DA:9,3
DA:10,3
DA:11,3
DA:12,3
DA:13,3
DA:14,3
DA:15,3
DA:16,3
DA:17,3
DA:18,3
DA:19,3
DA:20,3
DA:21,3
DA:22,3
DA:23,3
DA:24,3
DA:25,3
DA:26,3
DA:27,3
DA:28,3
DA:29,3
DA:30,3
DA:31,3
DA:32,3
DA:33,3
DA:34,3
DA:35,3
DA:36,3
DA:37,3
DA:38,3
DA:39,3
DA:40,3
DA:41,3
DA:42,3
DA:43,3
DA:44,3
DA:45,3
DA:46,3
DA:47,3
DA:48,3
DA:49,3
DA:50,3
DA:51,3
DA:52,3
DA:53,3
DA:54,3
DA:55,3
DA:56,3
DA:57,3
DA:58,3
DA:59,3
DA:60,3
DA:61,3
DA:62,3
DA:63,3
DA:64,3
DA:65,3
DA:66,3
DA:67,3
DA:68,3
DA:69,3
DA:70,3
DA:71,3
DA:72,3
LF:72
LH:72
BRF:0
BRH:0
end_of_record
TN:
SF:/Users/brln/equesteo/equesteo-app/helpers.js
FN:8,(anonymous_0)
FN:12,(anonymous_1)
FN:17,(anonymous_2)
FN:30,(anonymous_3)
FN:38,(anonymous_4)
FN:42,(anonymous_5)
FN:46,(anonymous_6)
FN:50,(anonymous_7)
FN:55,generateUUID
FN:60,(anonymous_9)
FN:67,staticMap
FN:69,(anonymous_11)
FN:114,goodConnection
FN:120,getMonday
FN:128,getFirstOfMonth
FN:132,getFirstOfYear
FN:136,formattedWeekString
FN:147,newRideName
FN:166,logError
FN:173,logInfo
FN:177,logDebug
FN:183,logRender
FN:187,isAndroid
FN:191,toElevationKey
FN:195,metersToFeet
FN:199,elapsedTime
FN:209,leftPad
FN:215,timeToString
FN:240,parseRideCoordinate
FN:249,boundingBox
FN:254,(anonymous_30)
FN:272,speedGradient
FN:309,newElevationGain
FNF:33
FNH:14
FNDA:42,(anonymous_0)
FNDA:1,(anonymous_1)
FNDA:9,(anonymous_2)
FNDA:1,(anonymous_3)
FNDA:9,(anonymous_4)
FNDA:0,(anonymous_5)
FNDA:0,(anonymous_6)
FNDA:0,(anonymous_7)
FNDA:0,generateUUID
FNDA:0,(anonymous_9)
FNDA:0,staticMap
FNDA:0,(anonymous_11)
FNDA:0,goodConnection
FNDA:0,getMonday
FNDA:0,getFirstOfMonth
FNDA:0,getFirstOfYear
FNDA:0,formattedWeekString
FNDA:0,newRideName
FNDA:0,logError
FNDA:0,logInfo
FNDA:0,logDebug
FNDA:0,logRender
FNDA:0,isAndroid
FNDA:34,toElevationKey
FNDA:2,metersToFeet
FNDA:6,elapsedTime
FNDA:9,leftPad
FNDA:3,timeToString
FNDA:36,parseRideCoordinate
FNDA:1,boundingBox
FNDA:7,(anonymous_30)
FNDA:0,speedGradient
FNDA:5,newElevationGain
DA:8,6
DA:9,42
DA:12,6
DA:13,1
DA:17,6
DA:18,9
DA:19,9
DA:20,9
DA:21,9
DA:22,9
DA:23,9
DA:26,9
DA:27,9
DA:30,6
DA:31,1
DA:32,1
DA:33,1
DA:34,1
DA:35,1
DA:38,6
DA:39,9
DA:42,6
DA:43,0
DA:46,6
DA:47,0
DA:50,6
DA:51,0
DA:56,0
DA:57,0
DA:58,0
DA:60,0
DA:61,0
DA:62,0
DA:63,0
DA:68,0
DA:69,0
DA:70,0
DA:71,0
DA:72,0
DA:74,0
DA:88,0
DA:91,6
DA:101,6
DA:108,6
DA:115,0
DA:121,0
DA:122,0
DA:123,0
DA:124,0
DA:125,0
DA:129,0
DA:133,0
DA:137,0
DA:138,0
DA:139,0
DA:140,0
DA:141,0
DA:142,0
DA:144,0
DA:149,0
DA:150,0
DA:151,0
DA:152,0
DA:153,0
DA:154,0
DA:155,0
DA:156,0
DA:157,0
DA:158,0
DA:159,0
DA:160,0
DA:161,0
DA:163,0
DA:167,0
DA:168,0
DA:169,0
DA:170,0
DA:174,0
DA:178,0
DA:179,0
DA:180,0
DA:184,0
DA:188,0
DA:192,34
DA:196,2
DA:200,6
DA:201,6
DA:202,1
DA:204,6
DA:205,6
DA:206,6
DA:210,9
DA:211,9
DA:212,9
DA:216,3
DA:217,3
DA:218,3
DA:219,3
DA:220,3
DA:221,3
DA:222,3
DA:225,6
DA:241,36
DA:250,1
DA:251,1
DA:253,1
DA:254,1
DA:255,7
DA:256,3
DA:258,7
DA:259,0
DA:261,7
DA:262,3
DA:264,7
DA:265,6
DA:267,7
DA:269,1
DA:273,0
DA:275,0
DA:277,0
DA:279,0
DA:281,0
DA:283,0
DA:285,0
DA:287,0
DA:289,0
DA:291,0
DA:293,0
DA:295,0
DA:297,0
DA:299,0
DA:301,0
DA:303,0
DA:305,0
DA:310,5
DA:311,5
DA:312,5
DA:313,5
DA:314,5
DA:315,5
DA:316,5
DA:319,5
LF:142
LH:68
BRDA:57,0,0,0
BRDA:57,0,1,0
BRDA:57,1,0,0
BRDA:57,1,1,0
BRDA:63,2,0,0
BRDA:63,2,1,0
BRDA:115,3,0,0
BRDA:115,3,1,0
BRDA:115,3,2,0
BRDA:124,4,0,0
BRDA:124,4,1,0
BRDA:141,5,0,0
BRDA:141,5,1,0
BRDA:150,6,0,0
BRDA:150,6,1,0
BRDA:152,7,0,0
BRDA:152,7,1,0
BRDA:154,8,0,0
BRDA:154,8,1,0
BRDA:156,9,0,0
BRDA:156,9,1,0
BRDA:158,10,0,0
BRDA:158,10,1,0
BRDA:160,11,0,0
BRDA:160,11,1,0
BRDA:201,12,0,1
BRDA:201,12,1,5
BRDA:255,13,0,3
BRDA:255,13,1,4
BRDA:258,14,0,0
BRDA:258,14,1,7
BRDA:261,15,0,3
BRDA:261,15,1,4
BRDA:264,16,0,6
BRDA:264,16,1,1
BRDA:273,17,0,0
BRDA:273,17,1,0
BRDA:273,17,2,0
BRDA:273,17,3,0
BRDA:273,17,4,0
BRDA:273,17,5,0
BRDA:273,17,6,0
BRDA:273,17,7,0
BRDA:273,17,8,0
BRDA:273,17,9,0
BRDA:273,17,10,0
BRDA:273,17,11,0
BRDA:273,17,12,0
BRDA:273,17,13,0
BRDA:273,17,14,0
BRDA:273,17,15,0
BRDA:312,18,0,5
BRDA:312,18,1,0
BRDA:314,19,0,5
BRDA:314,19,1,0
BRDA:316,20,0,5
BRDA:316,20,1,0
BRF:57
BRH:12
end_of_record
TN:
SF:/Users/brln/equesteo/equesteo-app/testSetup.js
FN:1,(anonymous_0)
FN:2,(anonymous_1)
FN:3,(anonymous_2)
FN:4,(anonymous_3)
FN:5,(anonymous_4)
FN:8,(anonymous_5)
FN:9,(anonymous_6)
FNF:7
FNH:0
FNDA:0,(anonymous_0)
FNDA:0,(anonymous_1)
FNDA:0,(anonymous_2)
FNDA:0,(anonymous_3)
FNDA:0,(anonymous_4)
FNDA:0,(anonymous_5)
FNDA:0,(anonymous_6)
DA:1,7
DA:2,7
DA:3,7
DA:4,7
DA:5,7
DA:6,0
DA:8,0
DA:9,0
LF:8
LH:5
BRF:0
BRH:0
end_of_record
TN:
SF:/Users/brln/equesteo/equesteo-app/actions/standard.js
FN:73,awaitFullSync
FN:79,clearFeedMessage
FN:85,clearLastLocation
FN:91,clearPausedLocations
FN:97,clearSearch
FN:103,clearSelectedRideCoordinates
FN:109,clearState
FN:115,clearStateAfterPersist
FN:121,createFollow
FN:130,createHorse
FN:139,createHorsePhoto
FN:148,createRide
FN:167,createRidePhoto
FN:176,createUserPhoto
FN:184,deleteFollow
FN:191,deleteUnpersistedHorse
FN:199,deleteUnpersistedRide
FN:206,deleteUnpersistedPhoto
FN:214,dequeuePhoto
FN:221,discardCurrentRide
FN:227,dismissError
FN:233,enqueuePhoto
FN:240,errorOccurred
FN:247,horsePhotoUpdated
FN:254,horseUpdated
FN:262,followUpdated
FN:269,horseUserUpdated
FN:276,loadCurrentRideState
FN:283,loadLocalState
FN:290,localDataLoaded
FN:297,mergeStashedLocations
FN:303,newAppState
FN:311,newLocation
FN:319,newNetworkState
FN:328,pauseLocationTracking
FN:334,popShowRideShown
FN:340,receiveJWT
FN:347,removeStashedRidePhoto
FN:355,replaceLastLocation
FN:363,rideCoordinatesLoaded
FN:370,rideCarrotCreated
FN:377,rideCarrotSaved
FN:384,rideCommentUpdated
FN:391,rideUpdated
FN:398,rideElevationsUpdated
FN:405,ridePhotoUpdated
FN:412,setPopShowRide
FN:421,setRemotePersistDB
FN:428,setFeedMessage
FN:435,setFullSyncFail
FN:443,setRemotePersistStarted
FN:449,setRemotePersistComplete
FN:456,setRemotePersistError
FN:462,setShowingRide
FN:469,showPopShowRide
FN:475,stashNewLocations
FN:481,stashRidePhoto
FN:489,stopStashNewLocations
FN:495,saveUserID
FN:502,setActiveComponent
FN:510,setFirstStartHorseID
FN:518,startRide
FN:527,syncComplete
FN:533,setAwaitingPasswordChange
FN:540,setDoingInitialLoad
FN:547,unpauseLocationTracking
FN:553,userPhotoUpdated
FN:560,userSearchReturned
FN:567,userUpdated
FNF:69
FNH:3
FNDA:0,awaitFullSync
FNDA:0,clearFeedMessage
FNDA:0,clearLastLocation
FNDA:0,clearPausedLocations
FNDA:0,clearSearch
FNDA:0,clearSelectedRideCoordinates
FNDA:0,clearState
FNDA:0,clearStateAfterPersist
FNDA:0,createFollow
FNDA:0,createHorse
FNDA:0,createHorsePhoto
FNDA:0,createRide
FNDA:0,createRidePhoto
FNDA:0,createUserPhoto
FNDA:0,deleteFollow
FNDA:0,deleteUnpersistedHorse
FNDA:0,deleteUnpersistedRide
FNDA:0,deleteUnpersistedPhoto
FNDA:0,dequeuePhoto
FNDA:0,discardCurrentRide
FNDA:0,dismissError
FNDA:0,enqueuePhoto
FNDA:0,errorOccurred
FNDA:0,horsePhotoUpdated
FNDA:0,horseUpdated
FNDA:0,followUpdated
FNDA:0,horseUserUpdated
FNDA:0,loadCurrentRideState
FNDA:0,loadLocalState
FNDA:0,localDataLoaded
FNDA:0,mergeStashedLocations
FNDA:0,newAppState
FNDA:6,newLocation
FNDA:0,newNetworkState
FNDA:0,pauseLocationTracking
FNDA:0,popShowRideShown
FNDA:0,receiveJWT
FNDA:0,removeStashedRidePhoto
FNDA:5,replaceLastLocation
FNDA:0,rideCoordinatesLoaded
FNDA:0,rideCarrotCreated
FNDA:0,rideCarrotSaved
FNDA:0,rideCommentUpdated
FNDA:0,rideUpdated
FNDA:0,rideElevationsUpdated
FNDA:0,ridePhotoUpdated
FNDA:0,setPopShowRide
FNDA:0,setRemotePersistDB
FNDA:0,setFeedMessage
FNDA:0,setFullSyncFail
FNDA:0,setRemotePersistStarted
FNDA:0,setRemotePersistComplete
FNDA:0,setRemotePersistError
FNDA:0,setShowingRide
FNDA:0,showPopShowRide
FNDA:0,stashNewLocations
FNDA:0,stashRidePhoto
FNDA:0,stopStashNewLocations
FNDA:0,saveUserID
FNDA:0,setActiveComponent
FNDA:0,setFirstStartHorseID
FNDA:1,startRide
FNDA:0,syncComplete
FNDA:0,setAwaitingPasswordChange
FNDA:0,setDoingInitialLoad
FNDA:0,unpauseLocationTracking
FNDA:0,userPhotoUpdated
FNDA:0,userSearchReturned
FNDA:0,userUpdated
DA:74,0
DA:80,0
DA:86,0
DA:92,0
DA:98,0
DA:104,0
DA:110,0
DA:116,0
DA:122,0
DA:131,0
DA:140,0
DA:156,0
DA:168,0
DA:177,0
DA:185,0
DA:192,0
DA:200,0
DA:207,0
DA:215,0
DA:222,0
DA:228,0
DA:234,0
DA:241,0
DA:248,0
DA:255,0
DA:263,0
DA:270,0
DA:277,0
DA:284,0
DA:291,0
DA:298,0
DA:304,0
DA:312,6
DA:320,0
DA:329,0
DA:335,0
DA:341,0
DA:348,0
DA:356,5
DA:364,0
DA:371,0
DA:378,0
DA:385,0
DA:392,0
DA:399,0
DA:406,0
DA:413,0
DA:422,0
DA:429,0
DA:436,0
DA:444,0
DA:450,0
DA:457,0
DA:463,0
DA:470,0
DA:476,0
DA:482,0
DA:490,0
DA:496,0
DA:503,0
DA:511,0
DA:519,1
DA:528,0
DA:534,0
DA:541,0
DA:548,0
DA:554,0
DA:561,0
DA:568,0
LF:69
LH:3
BRF:0
BRH:0
end_of_record
TN:
SF:/Users/brln/equesteo/equesteo-app/components/RideRecorder/DiscardModal.js
FN:18,(anonymous_0)
FNF:1
FNH:1
FNDA:2,(anonymous_0)
DA:15,1
DA:19,2
DA:45,1
DA:52,1
LF:4
LH:4
BRF:0
BRH:0
end_of_record
TN:
SF:/Users/brln/equesteo/equesteo-app/components/RideRecorder/RideStats.js
FN:13,(anonymous_0)
FN:27,(anonymous_1)
FN:38,(anonymous_2)
FN:52,(anonymous_3)
FN:66,(anonymous_4)
FN:79,(anonymous_5)
FN:94,(anonymous_6)
FN:99,(anonymous_7)
FN:106,(anonymous_8)
FNF:9
FNH:7
FNDA:2,(anonymous_0)
FNDA:2,(anonymous_1)
FNDA:1,(anonymous_2)
FNDA:1,(anonymous_3)
FNDA:2,(anonymous_4)
FNDA:0,(anonymous_5)
FNDA:0,(anonymous_6)
FNDA:2,(anonymous_7)
FNDA:4,(anonymous_8)
DA:8,1
DA:14,2
DA:15,2
DA:16,2
DA:17,2
DA:18,2
DA:19,2
DA:21,2
DA:22,2
DA:23,2
DA:24,2
DA:28,2
DA:29,2
DA:30,0
DA:31,0
DA:32,0
DA:34,2
DA:39,1
DA:40,1
DA:41,0
DA:42,0
DA:43,0
DA:45,0
DA:48,1
DA:53,1
DA:54,1
DA:55,0
DA:56,0
DA:57,0
DA:59,0
DA:62,1
DA:67,2
DA:68,2
DA:69,2
DA:75,2
DA:76,2
DA:79,2
DA:80,0
DA:81,0
DA:87,0
DA:95,0
DA:96,0
DA:100,2
DA:101,2
DA:102,0
DA:107,4
DA:108,2
DA:109,2
DA:110,2
DA:181,2
DA:186,1
LF:51
LH:34
BRDA:29,0,0,0
BRDA:29,0,1,2
BRDA:29,1,0,2
BRDA:29,1,1,0
BRDA:40,2,0,0
BRDA:40,2,1,1
BRDA:42,3,0,0
BRDA:42,3,1,0
BRDA:42,4,0,0
BRDA:42,4,1,0
BRDA:54,5,0,0
BRDA:54,5,1,1
BRDA:56,6,0,0
BRDA:56,6,1,0
BRDA:75,7,0,2
BRDA:75,7,1,0
BRDA:75,8,0,2
BRDA:75,8,1,2
BRDA:101,9,0,0
BRDA:101,9,1,2
BRDA:107,10,0,2
BRDA:107,10,1,2
BRF:22
BRH:10
end_of_record
TN:
SF:/Users/brln/equesteo/equesteo-app/reducers/CurrentRide.js
FN:40,CurrentRideReducer
FN:66,(anonymous_1)
FN:123,(anonymous_2)
FN:161,(anonymous_3)
FN:252,(anonymous_4)
FNF:5
FNH:3
FNDA:12,CurrentRideReducer
FNDA:0,(anonymous_1)
FNDA:2,(anonymous_2)
FNDA:0,(anonymous_3)
FNDA:5,(anonymous_4)
DA:28,3
DA:41,12
DA:43,0
DA:45,0
DA:47,0
DA:49,0
DA:57,0
DA:59,0
DA:64,0
DA:65,0
DA:66,0
DA:67,0
DA:69,0
DA:74,6
DA:83,6
DA:84,6
DA:85,6
DA:86,6
DA:87,6
DA:93,6
DA:95,6
DA:101,4
DA:102,4
DA:103,4
DA:104,4
DA:105,4
DA:106,2
DA:112,2
DA:119,4
DA:124,2
DA:126,4
DA:127,4
DA:128,4
DA:130,4
DA:139,4
DA:149,2
DA:151,1
DA:157,1
DA:162,0
DA:164,1
DA:172,1
DA:175,5
DA:182,5
DA:183,5
DA:185,5
DA:191,5
DA:193,5
DA:194,4
DA:195,4
DA:196,1
DA:212,3
DA:213,3
DA:214,3
DA:215,3
DA:216,3
DA:217,3
DA:223,3
DA:228,3
DA:233,3
DA:239,3
DA:240,3
DA:242,3
DA:248,3
DA:253,5
DA:256,3
DA:259,3
DA:279,1
DA:281,0
DA:283,0
DA:285,1
DA:286,1
DA:287,1
DA:288,1
DA:294,1
DA:295,1
DA:300,1
DA:321,0
DA:323,0
DA:325,0
DA:326,0
DA:327,0
DA:328,0
DA:329,0
DA:337,0
LF:84
LH:62
BRDA:40,0,0,0
BRDA:41,1,0,0
BRDA:41,1,1,0
BRDA:41,1,2,0
BRDA:41,1,3,0
BRDA:41,1,4,0
BRDA:41,1,5,0
BRDA:41,1,6,0
BRDA:41,1,7,6
BRDA:41,1,8,5
BRDA:41,1,9,0
BRDA:41,1,10,0
BRDA:41,1,11,1
BRDA:41,1,12,0
BRDA:41,1,13,0
BRDA:41,1,14,0
BRDA:41,1,15,0
BRDA:95,2,0,4
BRDA:95,2,1,2
BRDA:95,3,0,6
BRDA:95,3,1,5
BRDA:95,3,2,4
BRDA:95,3,3,4
BRDA:95,3,4,4
BRDA:105,4,0,2
BRDA:105,4,1,2
BRDA:105,5,0,4
BRDA:105,5,1,2
BRDA:149,6,0,1
BRDA:149,6,1,1
BRDA:149,7,0,2
BRDA:149,7,1,1
BRDA:193,8,0,4
BRDA:193,8,1,1
BRDA:193,9,0,5
BRDA:193,9,1,4
BRDA:195,10,0,1
BRDA:195,10,1,3
BRDA:212,11,0,3
BRDA:212,11,1,0
BRDA:240,12,0,3
BRDA:240,12,1,0
BRDA:287,13,0,1
BRDA:287,13,1,0
BRF:44
BRH:27
end_of_record
TN:
SF:/Users/brln/equesteo/equesteo-app/services/DouglasPeucker.js
FN:4,simplifyLine
FN:10,(anonymous_1)
FN:15,(anonymous_2)
FN:29,(anonymous_3)
FN:35,(anonymous_4)
FNF:5
FNH:5
FNDA:4,simplifyLine
FNDA:4,(anonymous_1)
FNDA:11,(anonymous_2)
FNDA:23,(anonymous_3)
FNDA:9,(anonymous_4)
DA:6,4
DA:8,4
DA:11,4
DA:12,4
DA:17,11
DA:18,11
DA:20,11
DA:21,11
DA:23,11
DA:25,11
DA:27,11
DA:29,11
DA:30,23
DA:35,3
DA:36,9
DA:37,5
DA:39,4
DA:41,4
DA:43,4
DA:44,4
DA:46,4
DA:47,7
DA:48,7
DA:49,3
DA:50,3
DA:54,4
DA:55,3
DA:56,3
DA:58,3
DA:67,3
DA:78,1
DA:79,1
DA:80,1
DA:82,4
DA:84,3
DA:86,3
DA:87,2
DA:90,4
LF:38
LH:38
BRDA:8,0,0,3
BRDA:8,0,1,1
BRDA:36,1,0,5
BRDA:36,1,1,4
BRDA:48,2,0,3
BRDA:48,2,1,4
BRDA:54,3,0,3
BRDA:54,3,1,1
BRDA:86,4,0,2
BRDA:86,4,1,1
BRF:10
BRH:10
end_of_record
